0.0 2.2303456543456543
1.001 3.5796523476523476
2.019 3.5413752455795677
3.027 3.7221587301587302
4.029 4.733828343313373
5.098 4.69732460243218
6.099 4.705758241758242
7.1 5.106605394605395
8.101 4.375048951048952
9.102 5.03375024975025
10.108 3.6751650099403577
11.109 4.6292267732267725
12.11 4.651092907092907
13.129 4.519693817468106
14.13 4.793222777222777
15.149 4.176015701668303
16.15 4.651068931068932
17.151 5.000975024975025
18.153 3.9082794411177644
19.156 4.019876370887338
20.158 5.072415169660679
21.159 4.491636363636364
22.16 5.263344655344656
23.161 4.371372627372627
24.162 5.514805194805196
25.163 4.458837162837162
26.166 5.361962113659023
27.169 3.740713858424726
28.181 5.541375494071146
29.183 4.934962075848303
30.184 5.471072927072926
31.188 5.045035856573705
32.227 4.68548989412897
33.228 5.066549450549451
34.23 5.0114171656686635
35.231 5.197746253746254
36.232 4.50256943056943
37.233 4.4761638361638365
38.236 4.794576271186441
39.238 5.131560878243513
40.239 5.158553446553447
41.241 5.345469061876249
42.242 4.385022977022977
43.248 4.538250497017893
44.249 4.946285714285715
45.25 3.966849150849151
46.252 4.624606786427146
47.258 4.7956739562624255
48.259 5.252411588411588
49.261 5.426459081836327
50.262 5.438273726273726
51.263 4.480703296703297
52.264 4.618293706293707
53.269 3.9138706467661692
54.278 4.217403369672944
55.279 4.7713566433566434
56.298 4.3048871442590775
57.299 4.913486513486513
58.3 4.928959040959041
59.301 5.197746253746254
60.347 4.403028680688337
61.348 5.164947052947053
62.349 3.0111328671328668
63.35 5.0710889110889115
64.351 5.077482517482517
65.378 4.473830574488802
66.379 5.110281718281718
67.38 4.377766233766234
68.381 4.78682917082917
69.389 5.020507936507936
70.438 3.4514852240228784
71.449 3.6308526211671612
72.459 5.465663366336634
73.461 4.661908183632734
74.462 5.055616383616383
75.497 3.8471111111111114
76.498 4.858821178821179
77.499 4.972691308691309
78.5 4.421498501498501
79.501 4.421498501498501
80.508 4.508345580933466
81.509 5.154013986013987
82.578 4.093305893358279
83.58 5.438273726273726
84.581 4.5244355644355645
85.582 3.4593886113886114
86.588 4.530059642147117
87.67 4.570085027726433
88.671 5.252411588411588
89.672 5.016423576423576
90.678 5.041367793240556
91.679 4.535368631368631
92.689 5.0539089108910895
93.699 4.744174257425742
94.7 5.066549450549451
95.701 4.546301698301699
96.708 4.655960278053624
97.718 4.815548514851486
98.738 3.4959686274509805
99.862 3.5384483985765125
100.918 5.459886363636364
101.919 5.2086793206793205
102.92 4.235636363636364
103.927 4.790911618669314
104.928 4.891620379620379
105.929 4.78682917082917
106.93 4.727624375624376
107.977 3.8761872015281758
108.978 4.869754245754246
109.979 4.530829170829171
110.98 4.218309690309691
111.982 4.864894211576846
112.983 4.743096903096903
113.988 4.501906467661692
114.997 4.657601585728444
115.999 3.6679840319361277
117.002 5.842057826520438
118.003 4.590033966033966
119.005 4.7665948103792415
120.007 4.388854291417166
121.029 4.769690802348336
122.037 5.035873015873016
123.038 4.913486513486513
124.047 4.68379781962339
125.048 5.569470529470529
126.049 4.808695304695305
127.051 5.498379241516966
128.053 4.989572854291417
129.217 4.558405498281787
130.268 3.961248334919125
131.297 5.518056365403305
132.299 5.11610379241517
133.301 4.716518962075848
134.304 4.816398803589233
135.305 4.953534465534465
136.307 4.479912175648703
137.308 4.432431568431569
138.318 4.624982178217821
139.332 5.001593688362919
140.347 4.213887684729063
141.348 3.328343656343656
142.357 4.22374628344896
143.358 5.471072927072926
144.359 5.0710889110889115
145.437 4.4449128014842305
146.447 5.2381148514851485
147.457 4.494954455445544
148.459 5.4601398601398605
149.46 4.764963036963036
150.461 5.044683316683317
151.478 4.485537856440511
152.488 5.032237623762377
153.498 4.863366336633663
154.499 4.78228971028971
155.538 4.5274918190567845
156.539 5.285210789210789
157.547 4.455936507936507
158.548 4.546301698301699
159.55 5.181636726546905
160.557 4.660496524329692
161.558 4.979084915084916
162.559 4.294841158841159
163.568 5.178227948463825
164.569 4.436971028971029
165.57 4.312167832167831
166.571 4.202837162837162
167.606 3.8682589371980676
168.617 5.265408506429278
169.618 4.655632367632367
170.627 4.516598612487612
171.637 4.5988118811881185
172.638 3.770053946053946
173.639 5.492939060939062
174.647 4.818722222222222
175.648 5.471072927072926
176.649 4.6119000999001
177.651 5.411001996007985
178.653 4.814818363273453
179.697 5.103325670498084
180.707 5.183936633663366
181.708 4.622833166833167
182.709 4.935352647352647
183.756 4.639235912129895
184.757 5.580403596403597
185.758 5.060155844155845
186.759 5.197746253746254
187.767 4.612444444444444
188.768 5.077482517482517
189.769 4.262041958041959
190.77 4.3559000999001
191.847 4.753886722376973
192.858 5.124684470820969
193.867 4.727183349851338
194.877 4.7180039603960395
195.927 4.7093638095238095
196.928 5.110281718281718
197.936 4.916444444444445
198.937 5.307076923076923
199.939 4.585453093812375
200.94 4.268435564435564
201.941 4.6292267732267725
202.942 3.7873886113886117
203.946 4.8161274900398405
204.956 4.143691089108911
205.976 4.332886274509804
206.977 4.968151848151848
207.978 4.519896103896104
208.98 4.530842315369261
210.096 4.813168458781362
211.106 3.2878495049504948
212.108 3.7071457085828343
213.117 5.232436075322101
214.118 4.830585414585415
215.12 4.318786427145708
216.122 4.64645109780439
217.124 4.530842315369261
218.125 5.110273726273726
219.137 4.161644268774704
220.138 5.011884115884116
221.207 3.8783161833489244
222.208 4.913486513486513
223.276 4.589003745318353
224.277 5.143080919080918
225.295 4.599387033398822
226.326 4.919123181377304
227.357 4.239767216294859
228.358 4.5244355644355645
229.359 4.836955044955046
230.36 4.436971028971029
231.363 4.9582452642073775
232.364 4.301234765234765
233.377 4.816552813425469
234.457 4.811614814814815
235.458 5.011884115884116
236.459 4.672959040959041
237.46 4.677498501498501
238.475 5.1152709359605915
239.476 3.8247192807192807
240.661 4.076664978902953
241.676 5.313828571428572
242.677 4.7713566433566434
243.695 4.115614931237721
244.697 3.885778221778222
245.698 5.143080919080918
246.716 4.008110019646366
247.717 5.07749050949051
248.775 4.4875614366729675
249.776 2.2084795204795205
250.815 4.169362848893166
251.826 4.832411473788328
252.887 4.670853911404334
253.888 5.383608391608392
254.889 4.950825174825175
255.896 5.123304865938431
256.917 4.64401568627451
257.918 5.197746253746254
258.919 4.907092907092907
259.923 4.953306772908367
260.925 4.618219560878243
261.935 5.140522772277228
262.936 4.808767232767233
263.937 5.307076923076923
264.945 4.395301587301588
265.946 5.088415584415585
266.956 4.57080396039604
267.957 5.274277722277722
268.966 4.60787314172448
269.986 5.283325490196078
270.996 4.971722772277228
271.998 4.788439121756487
272.999 4.6009670329670325
274.0 5.066549450549451
275.002 4.519920159680638
276.003 5.164947052947053
277.005 3.3467065868263473
278.006 4.032447552447553
279.017 4.8865361028684475
280.106 4.4201138659320485
281.107 5.000951048951048
282.474 3.5212172640819315
283.476 3.4777804391217564
284.477 5.000951048951048
285.486 4.597026759167492
286.506 3.738290196078432
287.507 5.077482517482517
288.508 4.338573426573426
289.515 4.840738828202582
290.516 4.78228971028971
291.517 4.032447552447553
292.525 4.054222222222222
293.526 4.388699300699301
294.577 4.2571265461465275
295.578 5.328943056943057
296.586 4.48215873015873
297.595 3.6597343904856294
298.596 5.285210789210789
299.598 4.858506986027945
300.624 5.064857699805069
301.625 5.263344655344656
302.626 4.852427572427572
303.627 5.121214785214786
304.634 4.530081429990069
305.636 5.498379241516966
306.637 3.699916083916084
307.639 4.356095808383234
308.655 5.648818897637795
309.656 5.103888111888112
310.665 5.117653121902874
311.666 5.7553326673326675
312.675 4.846493557978196
313.676 5.4601398601398605
314.677 4.568167832167831
315.745 4.94765543071161
316.746 5.558513486513487
317.755 4.8899028741328046
318.756 5.307076923076923
319.765 4.748876114965311
320.774 5.481918731417245
321.775 5.147620379620379
322.776 5.147620379620379
323.785 5.416848364717542
324.795 4.668324752475248
325.796 5.252411588411588
326.804 3.4353650793650794
327.805 3.8356523476523474
328.814 4.364749256689792
329.815 3.96230969030969
330.816 4.1153726273726265
331.824 3.8958730158730157
332.825 4.159104895104895
333.826 4.180971028971029
334.844 3.4768722986247544
335.855 4.096316518298714
336.856 4.240175824175824
337.857 4.1153726273726265
338.885 4.273431906614786
339.905 4.762039215686275
340.906 5.2086793206793205
341.908 4.541764471057884
342.91 5.279936127744511
343.935 4.3010497560975605
344.936 5.154013986013987
345.937 4.710297702297702
346.938 4.826021978021977
347.965 3.941016553067186
348.985 5.1009254901960785
350.005 4.536721568627451
351.006 5.438273726273726
352.007 4.480703296703297
353.149 4.2396147110332745
354.15 2.770757242757243
355.165 5.0613596059113295
356.166 3.595124875124875
357.168 5.258091816367266
358.254 4.130003683241253
359.255 5.1321478521478525
360.256 4.7758961038961045
361.264 5.324507936507937
362.276 4.323857707509881
363.278 5.127025948103792
364.326 4.488610687022901
365.345 5.36368989205103
366.346 4.393246753246753
367.348 5.127025948103792
368.354 4.643371769383697
369.355 5.263344655344656
370.383 4.416249027237354
371.384 5.011884115884116
372.423 4.632823869104908
373.425 5.290858283433134
374.437 4.767241106719368
375.444 5.438474677259186
376.445 4.699364635364635
377.447 4.591840319361277
378.454 4.5518172790466735
379.455 5.241478521478522
380.463 4.547301587301588
381.464 4.78228971028971
382.504 4.859876923076923
383.505 5.154013986013987
384.506 4.907092907092907
385.514 5.25936507936508
386.516 5.109716566866267
387.517 5.0993486513486515
388.518 4.2729750249750245
389.523 4.752366169154229
390.643 4.160971428571429
391.645 5.285210789210789
392.646 4.137238761238761
393.647 4.78682917082917
394.648 4.957210789210789
395.673 3.6604253658536585
396.684 4.453539070227497
397.685 4.421498501498501
398.687 5.022339321357285
399.691 4.8443027888446215
400.693 4.640063872255489
401.694 4.92441958041958
402.773 4.045227062094532
403.774 5.000951048951048
404.784 4.089536633663366
405.804 3.892956862745098
406.805 5.503872127872127
407.806 4.743096903096903
408.814 5.161650793650793
409.823 4.163179385530228
410.824 5.416407592407593
411.825 5.060155844155845
412.826 4.815088911088911
413.827 5.060155844155845
414.833 4.345129224652087
415.914 4.402205365402405
416.915 4.78228971028971
417.923 4.130222222222223
418.924 4.568167832167831
419.925 5.077482517482517
420.926 5.125754245754246
421.927 5.394541458541458
422.933 3.5509821073558645
424.113 2.817898305084746
425.184 3.0595704948646127
426.185 5.449206793206793
427.193 4.3410158730158726
428.194 4.618293706293707
429.224 4.350135922330097
430.234 3.861988118811881
431.235 4.513502497502498
432.236 5.252411588411588
433.243 4.595288977159881
434.244 4.640159840159841
435.245 4.0871128871128874
436.246 4.49802997002997
437.333 4.810833486660534
438.334 4.815088911088911
439.342 4.531936507936508
440.353 3.12206528189911
441.443 3.5224660550458715
442.444 3.885778221778222
443.453 4.093589692765113
444.454 3.874845154845155
445.455 3.96230969030969
446.457 4.847584830339321
447.459 5.3563912175648705
448.464 4.74599800995025
449.465 4.432431568431569
450.474 3.7681982160555
451.475 3.7591208791208794
452.477 3.9910978043912175
453.515 3.146319845857418
454.516 4.738557442557442
455.522 3.3660437375745524
456.523 3.546853146853147
457.542 3.6238272816486754
458.543 3.452995004995005
459.544 4.6292267732267725
460.553 4.766065411298315
461.554 3.8684515484515485
462.555 3.96230969030969
463.563 3.3159365079365077
464.564 4.016975024975025
465.565 4.180971028971029
466.573 3.7655873015873014
467.574 5.438273726273726
468.575 4.983624375624376
469.576 5.394541458541458
470.635 3.6669159584513693
471.636 5.274277722277722
472.637 4.6009670329670325
473.64 5.165559322033899
474.642 4.618219560878243
475.643 5.3508091908091915
476.644 4.710297702297702
477.646 5.323624750499002
478.652 4.142950298210736
479.653 5.252411588411588
480.654 5.103888111888112
481.655 5.733466533466533
482.672 5.002068829891838
483.742 4.692934579439252
484.743 4.727624375624376
485.832 4.637032139577594
486.842 3.8014732673267324
487.843 4.651092907092907
488.889 4.45534225621415
489.89 5.427340659340659
490.892 4.814794411177645
491.907 4.759479802955665
492.91 4.886396809571286
493.923 5.298227048371174
494.926 4.700897308075772
495.932 5.509153081510934
496.933 4.918025974025975
497.944 5.146183976261128
498.945 2.519296703296703
499.946 4.546301698301699
500.966 4.961443137254902
502.052 4.089694290976059
503.053 4.432431568431569
504.062 5.221613478691774
505.063 3.9449830169830173
506.072 5.395155599603568
507.073 4.065246753246753
508.074 4.508963036963038
509.076 4.023888223552894
510.078 4.640071856287426
511.082 4.964207171314741
512.092 4.440776237623762
513.094 5.110281718281718
514.096 4.902171656686627
515.098 5.563936127744511
516.1 4.847584830339321
517.113 4.876888450148075
518.115 4.841494505494506
519.116 4.826021978021977
520.142 4.126191033138401
521.144 4.935352647352647
522.146 3.41224750499002
523.147 5.060155844155845
524.148 4.651092907092907
525.163 4.796271921182266
526.164 4.519896103896104
527.172 5.118222222222223
528.181 4.662105054509415
529.191 5.194772277227723
530.193 4.705596806387225
531.194 4.9900179820179815
532.195 4.4151048951048955
533.196 5.197746253746254
534.198 4.6509860279441115
535.272 5.134003724394785
536.273 5.383608391608392
537.274 4.7758961038961045
538.275 5.646001998001998
539.276 4.743096903096903
540.278 5.301780439121757
541.279 5.060155844155845
542.292 5.043427443237907
543.293 5.339876123876123
544.312 4.423034347399411
545.322 5.400649504950495
546.323 4.885226773226773
547.324 5.5366713286713285
548.332 4.927301587301588
549.393 5.031871819038643
550.394 5.197746253746254
551.402 4.959873015873016
552.403 5.64600999000999
553.404 5.092955044955046
554.442 5.069564547206166
555.443 5.4601398601398605
556.445 4.792974051896208
557.446 5.3508091908091915
558.452 4.9044612326043735
559.454 5.094259481037924
560.462 4.579873015873016
561.463 4.738557442557442
562.464 4.644699300699301
563.465 5.328943056943057
564.481 4.069858267716535
565.483 5.148870259481038
566.491 4.444928571428572
567.493 2.746147704590818
568.495 5.109716566866267
569.497 5.367313373253493
570.502 4.974678606965174
571.512 4.841695049504951
572.513 5.624135864135864
573.514 4.994557442557443
574.515 5.580403596403597
575.516 4.5791008991009
576.517 5.361742257742257
577.521 5.0886374501992035
578.522 5.158553446553447
579.523 5.449206793206793
580.524 4.896151848151848
581.525 5.427340659340659
582.531 4.969733598409543
583.551 4.922980392156863
584.552 5.285210789210789
585.562 5.166764356435644
586.563 5.482005994005994
587.565 4.847584830339321
588.568 5.100091724825524
589.57 4.705596806387225
590.62 5.105432380952381
591.621 4.968151848151848
592.622 4.826021978021977
593.623 3.8684515484515485
594.624 4.640159840159841
595.672 4.415511450381679
596.674 4.679217564870259
597.681 2.1889652432969213
598.682 4.92441958041958
599.711 4.433228377065112
600.713 5.083337325349301
601.791 4.394152133580705
602.792 5.285210789210789
603.793 4.557234765234766
604.801 5.324507936507937
605.802 4.5244355644355645
606.811 5.048071357779979
607.83 4.5519136408243375
608.832 4.8102834331337325
609.891 4.741680830972616
610.892 5.296143856143856
611.93 4.352616570327553
612.931 5.17588011988012
613.933 4.373397205588822
614.934 4.6119000999001
615.941 4.6994558093346575
616.942 4.436971028971029
617.943 5.274277722277722
618.951 4.319301587301588
619.952 5.405474525474525
620.991 4.0429643888354185
621.992 5.252411588411588
622.993 4.600975024975025
623.995 5.225325349301397
625.0 4.582654726368159
626.011 4.843236399604352
627.012 4.672959040959041
628.014 4.443465069860279
629.015 4.399632367632367
630.07 4.323973459715639
631.071 4.651092907092907
632.072 4.421498501498501
633.074 4.388854291417166
634.075 5.055616383616383
635.08 4.375601990049751
636.12 3.087776923076923
637.121 3.8092467532467533
638.131 5.173100990099011
639.141 4.5166257425742575
640.142 5.044683316683317
641.143 4.819628371628371
642.144 5.055616383616383
643.146 4.7492854291417155
644.15 5.465625498007968
645.151 4.830561438561439
646.161 4.0136871287128715
647.24 4.390079703429101
648.241 4.815088911088911
649.271 4.8645592233009705
650.272 4.836955044955046
651.274 4.318786427145708
652.42 3.6081815008726
653.421 4.5854945054945055
654.422 5.125754245754246
655.431 4.950453914767096
656.479 4.51993893129771
657.48 4.979084915084916
658.51 4.705180582524272
659.511 4.662025974025974
660.58 4.830413470533209
661.581 5.230545454545455
662.631 4.386255238095238
663.633 4.038841158841159
664.634 5.197746253746254
665.64 4.6107355864811135
666.641 4.651092907092907
667.642 5.344407592407593
668.644 5.378235528942116
669.651 4.866987090367428
670.699 4.8958778625954205
671.7 4.683892107892108
672.701 4.815088911088911
673.731 3.504528155339806
674.732 5.219540459540459
675.79 4.342812854442345
676.832 4.016460652591171
677.87 5.449125240847785
678.871 5.077482517482517
679.929 4.477217391304348
680.931 4.886738522954091
681.94 4.614216055500496
682.941 4.7758961038961045
683.942 5.154013986013987
684.95 3.9827301587301585
685.951 5.241478521478522
686.971 4.1504627450980385
688.0 4.801057337220603
689.009 4.629565906838454
690.01 5.121214785214786
691.011 4.268435564435564
692.012 4.983624375624376
693.013 5.044683316683317
694.016 4.646348953140579
695.017 5.219612387612388
696.019 4.454387225548902
697.02 4.9900179820179815
698.03 4.7658455445544545
699.051 4.881551420176298
700.059 4.601595238095239
701.06 4.78228971028971
702.099 4.422159769008662
703.11 5.124684470820969
704.21 3.9282036363636363
705.211 5.558513486513487
706.319 3.850476534296029
707.36 3.1372295869356392
708.361 5.307076923076923
709.363 4.978650698602794
710.379 4.733228346456692
711.381 4.913117764471058
712.382 5.4601398601398605
713.383 4.874293706293706
714.384 5.077482517482517
715.385 4.6009670329670325
716.387 4.012966067864271
717.388 4.7713566433566434
718.39 4.1485668662674655
719.391 5.110281718281718
720.4 4.618719524281467
721.401 5.274277722277722
722.41 4.412638255698712
723.411 5.03375024975025
724.413 3.8928223552894208
725.414 4.86336063936064
726.416 4.941349301397206
727.649 3.0214955393349556
728.65 3.9777822177822175
729.651 4.727624375624376
730.652 4.5244355644355645
731.66 4.944507936507936
732.661 4.918025974025975
733.662 5.022817182817183
734.709 4.398823304680038
735.72 4.204565776458951
736.778 5.27370888468809
737.779 4.9572187812187805
738.82 4.687000960614793
739.83 4.7505108910891085
740.899 4.7075547240411595
741.9 5.066549450549451
742.901 4.57456143856144
743.903 4.6509860279441115
744.904 5.263344655344656
745.905 4.797762237762237
746.939 4.930413926499033
747.94 5.416407592407593
748.942 5.1970938123752495
749.943 5.17588011988012
750.949 4.2626163021868795
751.95 4.727624375624376
753.001 4.434146527117032
754.004 4.598173479561316
755.099 4.775685844748859
756.1 4.6292267732267725
757.101 5.03375024975025
758.102 4.50256943056943
759.109 4.482097318768619
760.149 4.081169230769231
761.15 4.2247032967032965
762.151 4.8806873126873125
763.152 4.021514485514485
764.153 5.110281718281718
765.159 4.817431411530815
766.189 4.158881553398058
767.228 5.170017324350337
768.229 5.3508091908091915
769.279 4.271603809523809
770.289 5.292300990099011
771.29 4.808695304695305
772.291 5.044683316683317
773.292 4.89615984015984
774.319 5.087470301850049
775.32 5.103888111888112
776.321 5.164795204795205
777.322 2.7598241758241757
778.323 4.546301698301699
779.326 5.416518444666003
780.332 4.947976143141153
781.339 5.166776564051639
782.34 4.513502497502498
783.341 5.17588011988012
784.342 4.316699300699301
785.482 4.5639859649122805
786.485 5.170089730807578
787.489 5.040509960159363
788.492 4.836662674650699
789.498 5.193669980119284
790.499 4.18551048951049
791.502 5.143736789631108
792.504 4.574530938123751
793.506 3.8054451097804387
794.509 4.903688933200399
795.518 4.521102081268583
796.528 4.295413861386138
797.538 4.273742574257426
798.549 4.371434223541049
799.55 4.727632367632367
800.552 4.388854291417166
801.553 4.618293706293707
802.568 4.996666009852217
803.569 4.174577422577423
804.57 4.78228971028971
805.578 4.449587301587302
806.579 4.640159840159841
807.58 4.301234765234765
808.582 3.41224750499002
809.589 4.377930486593843
810.59 5.000951048951048
811.597 4.1279682224429
812.598 4.847888111888111
813.678 4.608948148148148
814.679 3.9732427572427573
815.68 3.96230969030969
816.682 4.711984031936127
817.688 4.012405566600398
818.698 4.696332673267326
819.699 3.4375224775224775
820.7 4.137238761238761
821.728 3.649743190661479
822.73 3.929510489510489
823.738 3.8805079365079362
824.739 4.290301698301699
825.748 4.082743310208127
826.768 3.3242980392156865
827.769 4.049774225774225
828.77 4.421498501498501
829.772 4.002043912175648
830.778 4.414918489065606
831.78 3.892814371257485
832.781 4.049774225774225
833.788 3.4605124131082428
834.789 3.3719240759240763
835.79 3.907644355644355
836.791 3.8356523476523474
837.798 3.580059582919563
838.799 4.793222777222777
839.8 3.732715284715285
840.807 3.482248262164846
841.817 2.789259405940594
842.827 2.7784237623762382
843.828 2.726873126873127
844.837 2.6293280475718532
845.847 2.6483960396039605
846.848 2.645802197802198
847.849 2.245818181818182
848.857 2.2519126984126983
849.858 2.5583376623376624
850.867 2.1521110009910807
851.868 2.0599560439560443
852.877 2.6835599603567886
853.887 2.49219801980198
854.897 2.6267247524752473
855.898 2.748715284715285
856.899 2.541034965034965
857.987 2.166823529411765
858.999 2.7143715415019765
860.007 2.197650793650794
861.067 1.4908754716981132
862.087 1.6523294117647058
863.336 1.2742802241793436
864.337 1.7820899100899101
865.347 1.5539960396039603
866.348 2.7879320679320685
867.357 2.325629335976214
868.358 1.7756963036963036
869.366 1.3137142857142856
870.436 1.415715887850467
871.437 1.5306293706293708
872.446 1.4534152626362735
873.447 1.885026973026973
874.457 3.5044118811881186
875.468 3.002999010880316
876.477 3.1065688800792866
877.478 3.175128871128871
878.479 3.7983136863136866
879.487 2.9576507936507936
880.488 1.7756963036963036
881.506 1.4620667976424362
882.517 1.8988565776458952
883.518 2.7988651348651348
884.526 1.850222222222222
885.537 2.570001978239367
886.546 2.293090188305253
887.547 3.094057942057942
888.548 2.8362037962037965
889.556 2.2845079365079366
890.566 1.9982574257425743
891.567 2.733266733266733
892.586 2.206147203140334
893.597 1.8880316518298714
894.598 2.3943416583416584
895.616 1.4880314341846756
896.617 2.256751248751249
897.626 2.353665014866204
898.628 1.9705229540918165
899.636 2.338793650793651
900.637 2.3724755244755245
901.646 2.4774786917740337
902.647 2.672207792207792
903.649 2.3637205588822354
904.657 2.6165714285714285
905.667 2.2258059405940593
906.676 2.3364757185332015
907.677 2.3332827172827173
908.696 2.491666339548577
909.697 2.5410109890109887
910.698 2.3332827172827173
911.706 2.4147936507936505
912.716 2.578883168316832
913.726 2.0741069306930697
914.728 2.1562075848303395
915.736 2.5477698412698415
916.737 2.7196243756243756
917.746 2.7594846382556986
918.756 2.561710891089109
919.766 2.5508752475247527
920.767 2.9892667332667333
921.768 3.3719240759240763
922.776 2.9033650793650794
923.836 2.8125584905660377
924.837 3.0284595404595405
925.846 2.6184816650148663
926.847 2.6612747252747253
927.856 2.412400396432111
928.857 2.4535464535464535
929.858 2.121014985014985
930.866 2.2953650793650793
931.876 2.1282851485148515
932.886 2.741417821782178
933.896 1.987421782178218
934.897 2.092755244755245
935.906 2.321125867195243
936.907 1.9724915084915087
937.908 2.43168031968032
938.909 2.672207792207792
939.916 2.793056603773585
940.917 2.5956763236763236
942.026 3.9259224526600547
943.027 5.121214785214786
944.028 4.683892107892108
945.029 3.671656343656344
946.03 3.885778221778222
947.035 3.238718407960199
948.036 2.508211788211788
949.047 2.57633234421365
950.055 1.8285079365079366
951.066 3.2086726013847677
952.067 2.3879480519480523
953.085 2.171599214145383
954.086 1.6991648351648352
955.176 2.0022018348623853
956.178 2.173508982035928
957.195 2.0921140609636186
958.206 2.3859782393669633
959.216 2.3838415841584157
960.217 2.2020859140859144
961.226 2.889641228939544
962.235 2.9004876114965317
963.305 2.326011214953271
964.306 2.733266733266733
965.307 1.9834245754245754
966.316 1.9026283448959367
967.326 1.9720871287128714
968.345 1.787289499509323
969.346 2.1538141858141855
970.347 1.7756963036963036
971.385 1.923267822736031
972.386 1.7055584415584415
973.436 1.5156419047619047
974.437 1.5634285714285714
975.445 1.6394285714285715
976.446 1.3493066933066933
977.465 1.2458331697742886
978.475 0.7738297029702971
979.495 1.2231529411764706
980.515 1.3948235294117646
981.525 0.6871445544554456
982.545 0.6652235294117647
983.565 0.6437647058823529
984.575 0.5634534653465347
985.605 0.4993864077669903
986.635 0.6268893203883494
987.645 0.3078970297029703
988.646 0.32799200799200795
989.655 0.24946679881070366
990.675 0.2575058823529412
991.715 0.24203076923076924
993.345 0.07385521472392638
996.2929999999999 0.004513255567338282
998.7940000000001 1.3775664335664335
1001.2950000000001 1.1306453546453548
1003.8030000000001 2.3668571428571425
1006.3040000000001 2.1036883116883116
1008.8050000000001 1.7866293706293706
1011.3130000000001 2.6165714285714285
1013.8140000000001 2.3223496503496506
1016.315 2.3988811188811185
1018.816 2.3223496503496506
1021.3240000000001 2.66
1023.825 2.4098141858141857
1026.334 2.4015540138751237
1028.845 2.3859782393669633
1031.423 2.532096474953618
1033.934 2.578883168316832
1036.443 2.4340931615460857
1038.944 2.158353646353646
1041.544 2.372014545454545
1044.045 2.6239360639360636
1046.546 2.43168031968032
1048.553 2.330248262164846
1049.643 2.213049541284404
1051.812 0.6357510373443983
1052.893 2.251722479185939
1053.903 1.668689108910891
1054.913 2.691738613861386
1055.923 3.580261386138614
1056.933 3.601932673267327
1057.942 2.325629335976214
1059.083 1.6249605609114812
1060.084 2.3287432567432567
1061.093 2.206319127849356
1062.094 2.18021978021978
1063.102 1.7154285714285713
1064.103 1.5679680319680318
1065.112 1.5293399405351833
1066.123 1.5091592482690404
1067.133 1.863730693069307
1068.135 1.6647025948103793
1069.142 1.717132075471698
1070.152 1.640681188118812
1071.154 2.249964071856287
1072.162 2.4256507936507936
1073.163 2.5847432567432564
1074.183 2.1074196078431373
1075.192 2.1909692765113973
1076.193 2.1474205794205794
1077.194 2.562877122877123
1078.203 2.277740336967294
1079.212 2.0110763131813676
1080.222 1.8573940594059408
1081.232 2.297156435643564
1082.233 1.7538301698301697
1083.243 2.3188277227722773
1084.252 1.848388503468781
1085.262 1.987421782178218
1086.272 1.8312237623762375
1087.282 1.619009900990099
1088.283 2.219412587412587
1089.284 1.89596003996004
1090.292 2.2845079365079366
1091.293 2.2084795204795205
1092.302 2.1629335976214072
1093.303 1.885026973026973
1094.304 2.755132867132867
1095.312 2.6536507936507934
1096.313 2.5410109890109887
1097.323 2.7784237623762382
1098.332 2.5208642220019817
1099.342 2.362170297029703
1100.362 2.20398431372549
1101.363 2.2239520479520483
1102.372 2.6401744301288406
1103.452 2.8516740740740745
1104.572 2.9257142857142857
1105.582 2.6222257425742574
1106.592 1.7707089108910892
1107.594 2.6804630738522954
1108.602 2.529714285714286
1109.603 2.0052987012987016
1110.612 2.1195480673934592
1111.614 2.9425948103792416
1112.662 2.761221374045802
1113.664 2.610395209580838
1114.682 2.3588212180746564
1115.683 2.4098141858141857
1116.782 2.1949262966333034
1117.783 3.1487232767232767
1118.784 2.4426133866133863
1119.793 2.650997026759167
1120.794 2.705030969030969
1121.802 2.2845079365079366
1122.812 3.2335207920792075
1123.813 2.5474045954045956
1124.814 2.7050069930069927
1125.816 2.7132295409181637
1126.821 2.476449751243781
1127.822 2.2084795204795205
1128.832 1.987421782178218
1129.842 1.9549148514851487
1130.861 1.772090284592738
1131.872 1.3034856577645895
1132.891 1.621731108930324
1133.901 1.289441584158416
1134.911 0.7088158415841583
1135.921 1.7445386138613863
1136.929 0.9273650793650794
1137.932 2.127696909272183
1138.942 1.8465584158415842
1140.031 2.2452231404958676
1141.032 2.6786013986013986
1142.041 1.7724638255698713
1143.053 1.9465612648221347
1144.061 0.9816507936507937
1145.071 1.0402217821782178
1146.072 1.6007672327672329
1147.082 2.578883168316832
1148.084 2.0251337325349303
1149.091 2.069418073485601
1150.092 2.6348691308691308
1151.093 2.3442157842157845
1152.101 2.7405079365079366
1153.102 2.1255544455544455
1154.111 2.418743310208127
1155.113 2.451097804391218
1156.121 2.555936507936508
1157.123 2.003289421157685
1158.124 2.7441998001998003
1159.131 2.5802105263157893
1160.141 2.5183683168316833
1161.142 2.234885114885115
1162.151 1.4751080277502477
1163.161 1.3436198019801981
1164.162 1.097846153846154
1165.171 1.5401863230921704
1166.178 1.482550148957299
1167.181 1.0474815553339978
1168.211 0.27625631067961165
1169.241 0.22313009708737863
1170.292 0.4373434823977165
1171.3 0.2822857142857143
1172.311 0.14521859545004948
1173.341 0.27625631067961165
1174.37 0.20207580174927114
1175.381 0.497946587537092
1176.401 0.6974117647058823
1177.411 1.2135920792079207
1178.431 0.5087372549019608
1179.471 0.5261538461538462
1180.501 0.669390291262136
1181.511 0.7693306930693069
1182.533 1.182371819960861
1183.541 2.1497142857142855
1184.543 2.134355289421158
1185.572 2.0464528668610305
1186.612 1.6731692307692307
1187.613 2.3988811188811185
1188.621 1.7045714285714288
1189.622 1.1087792207792209
1192.521 0.1126919682259488
1194.191 2.14591452991453
1195.2 0.3362378592666006
1196.46 0.008685714285714284
1197.461 1.2573026973026973
1198.47 1.9134667988107037
1199.471 2.2303456543456543
1200.502 2.5307623666343355
1201.511 2.5425569871159563
1202.513 2.4074091816367265
1203.581 2.459325842696629
1204.601 2.3434666666666666
1205.602 1.89596003996004
1206.61 1.7805714285714287
1207.611 1.8631608391608394
1208.69 2.0834698795180726
1209.7 2.264649504950495
1210.71 1.7273663366336633
1211.721 2.035086053412463
1212.722 2.4644795204795207
1213.724 2.647696606786427
1214.731 2.8301727904667326
1215.732 3.7108491508491506
1216.733 3.1313966033966034
1217.734 3.3719240759240763
1218.741 3.080135054617676
1219.742 3.2953926073926074
1220.751 2.6401744301288406
1221.77 1.933189401373896
1222.772 1.9159121756487025
1223.78 2.479936507936508
1224.781 3.0767312687312685
1225.783 3.1501157684630736
1226.8 2.7763539823008854
1227.801 3.032999000999001
1228.802 3.3719240759240763
1229.82 3.2511119842829075
1230.821 3.262593406593407
1231.83 3.3234965312190288
1232.833 2.4268315054835496
1233.84 2.601946375372393
1234.841 2.6284755244755242
1235.87 2.4825034013605443
1236.95 3.0239407407407404
1237.951 4.4761638361638365
1238.952 4.869754245754246
1239.953 4.371372627372627
1240.96 4.764663356504469
1241.961 3.7655144855144855
1242.962 3.175120879120879
1243.971 2.7377918731417243
1244.98 2.30393657086224
1246.02 2.130030769230769
1247.021 2.973794205794206
1248.03 1.9134667988107037
1249.031 2.6831408591408588
1250.033 2.6695409181636727
1251.035 2.665005988023952
1252.04 2.846694527363184
1253.041 2.6175424575424575
1254.042 2.3879480519480523
1255.05 2.8273650793650797
1256.052 3.1282714570858285
1257.053 3.0111328671328668
1258.139 2.714990791896869
1259.15 3.098994059405941
1260.151 2.672207792207792
1261.152 2.245818181818182
1262.16 3.0010793650793652
1263.21 1.9325561904761905
1264.219 2.410285714285714
1265.22 1.742897102897103
1266.23 1.8745663366336636
1267.233 1.8376231306081754
1268.24 2.449795431976167
1269.28 2.624623076923077
1270.281 2.5474045954045956
1271.282 2.3988811188811185
1272.29 1.9262222222222223
1273.291 2.0335504495504497
1274.292 1.4477042957042956
1275.309 1.7325309734513272
1276.31 1.742897102897103
1277.429 2.2339374441465596
1278.43 3.1924555444555445
1279.449 2.238367026496565
1280.45 2.890869130869131
1281.451 2.3988811188811185
1282.467 3.0097637795275594
1283.47 2.852370887337986
1284.53 2.8022339622641512
1285.54 3.385219801980198
1286.549 2.299433102081269
1287.55 1.9834245754245754
1288.552 2.5493972055888228
1289.57 1.365312377210216
1290.59 1.190964705882353
1291.6 0.4162534653465346
1292.601 2.9081958041958043
1293.602 2.9455344655344655
1294.611 2.5642497522299306
1295.612 2.4644795204795207
1296.62 2.1759365079365076
1297.621 2.9191288711288714
1298.731 3.0941981981981983
1299.811 3.0442074074074075
1300.869 3.086820415879017
1301.879 3.098994059405941
1302.88 2.978333666333666
1303.95 3.475798130841121
1304.952 3.7945229540918164
1305.954 2.5557844311377242
1306.959 2.618013930348259
1307.96 2.4535464535464535
1308.97 2.3449980198019804
1309.971 1.7602237762237762
1310.981 1.5323247524752475
1311.989 2.323428571428572
1312.99 2.562877122877123
1313.999 2.4664816650148667
1315.039 1.6355923076923078
1316.049 1.5161663366336635
1317.059 1.0410455445544555
1318.079 1.013019607843137
1319.089 1.8312237623762375
1320.099 1.3589544554455444
1321.109 1.6470178217821783
1322.119 1.5323247524752475
1323.139 1.6845176470588237
1324.159 1.377819607843137
1325.179 1.105129411764706
1326.188 0.9653280475718532
1327.189 0.9949090909090907
1328.197 1.4810793650793652
1329.339 1.6618704028021016
1330.34 2.0882157842157842
1331.389 0.9389513822688276
1332.39 1.229042957042957
1333.409 1.0095544651619235
1334.43 1.0075768854064644
1335.438 0.5365
1336.459 0.664571988246817
1337.479 0.6223058823529412
1338.489 0.6718099009900991
1339.498 0.5206263627353817
1340.509 0.46996636993076163
1341.538 0.4041516034985423
1342.578 0.2209846153846154
1343.579 0.9074445554445555
1344.588 1.2147948463825569
1345.609 0.8298060724779628
1346.628 0.4725574092247301
1347.649 0.7931988246816847
1350.42 0.3041097076867557
1351.469 1.0893422306959009
1352.479 1.2569346534653467
1353.498 0.9773346418056917
1354.519 0.41803721841332026
1355.549 0.3019184466019418
1356.559 0.4442613861386139
1357.588 0.8083032069970846
1360.189 0.029453287197231833
1361.199 1.9007366336633662
1363.908 0.2035955783229981
1365.909 1.3994325674325674
1366.92 0.41134718100890205
1368.029 0.4975148782687106
1369.048 0.6551364082433758
1370.058 0.6393029702970296
1371.068 1.4194693069306932
1372.069 0.9229170829170829
1373.358 0.9848750969743987
1374.368 0.3792475247524753
1375.408 0.29464615384615384
1376.409 0.8965114885114885
1377.428 0.41257703631010795
1378.429 0.9949090909090907
1379.438 1.8113458870168484
1380.45 1.5833675889328063
1381.458 1.6720000000000002
1382.468 1.6081742574257425
1383.508 1.635446153846154
1384.511 1.9312941176470588
1385.7 1.4304995794785536
1386.718 0.8922907662082514
1387.728 0.30339801980198017
1388.738 0.4442613861386139
1389.819 1.168458834412581
1390.82 2.4927392607392607
1391.828 2.5993650793650795
1392.83 1.5227145708582834
1393.838 2.866285714285714
1394.839 2.2239520479520483
1395.848 1.4687413280475718
1396.858 2.242978217821782
1397.878 1.8821254901960784
1398.888 2.047936633663366
1399.889 2.2130189810189806
1400.898 2.694406342913776
1401.9 2.0469780439121754
1402.908 2.508
1403.909 2.191152847152847
1404.918 2.5208642220019817
1405.919 2.803404595404596
1406.928 3.0197978196233892
1407.929 3.503120879120879
1408.93 2.847136863136863
1409.939 3.215032705649157
1411.028 2.958751147842057
1412.03 2.8288383233532937
1413.031 2.4535464535464535
1414.037 2.0279602385685886
1415.047 1.787881188118812
1416.057 1.2614336633663363
1417.058 1.4978301698301697
1418.263 0.1087734439834025
1419.277 1.839526627218935
1420.317 0.1262769230769231
1421.318 0.5466533466533465
1422.337 0.9880745829244357
1423.578 0.3439290894439968
1424.977 0.26139814152966406
1425.987 0.3684118811881188
1426.988 0.2951928071928072
1427.997 0.56401189296333
1429.008 0.7255232443125618
1430.017 0.6179900891972249
1431.042 0.5338536585365854
1432.047 0.5054407960199006
1433.057 0.6826455445544554
1434.058 0.8965114885114885
1435.078 1.266070588235294
1436.088 1.0663920792079207
1437.107 0.36515799803729143
1438.123 0.47395275590551184
1439.127 0.8175298804780877
1440.137 0.5462811881188119
1441.157 0.633035294117647
1442.178 0.6324152791380999
1443.188 0.6609742574257427
1444.197 0.650782953419227
1445.297 0.3581672727272727
1446.308 0.8163639960435213
1447.317 1.4106640237859267
1448.448 1.145266136162688
1449.457 1.2473339940535184
1450.468 1.125792284866469
1451.477 0.5965510406342913
1452.727 0.257536
