0.0 3.448991008991009
1.139 0.5131799824407375
2.14 1.281086913086913
3.189 1.5540896091515728
4.21 1.3559960822722823
5.23 1.6960156862745097
6.24 2.3819960396039606
7.35 2.5518126126126126
8.351 3.258757242757243
9.352 4.35092907092907
10.469 2.5013763440860215
11.47 3.168087912087912
12.471 4.162021978021977
13.48 3.155266600594648
14.481 3.1063096903096903
15.7 4.211637088733799
16.879 3.2766615776081425
17.88 4.187116883116884
18.89 3.3410772277227725
19.941 3.362732635585157
21.109 3.6998493150684935
22.14 3.7988128031037824
23.141 3.2588771228771227
24.279 3.663395430579965
25.419 3.4330456140350876
26.62 3.590681099084097
27.679 3.4031199244570347
28.779 3.5716072727272725
29.839 3.458
30.97 3.4804601769911505
31.971 3.3322997002997004
32.979 3.102595238095238
34.052 3.5108816402609504
35.14 3.5249558823529408
36.141 3.8162157842157844
37.142 4.416983016983017
38.159 3.1555476892822023
39.309 3.4644104347826086
40.311 4.190241758241759
41.319 3.2968571428571427
42.32 4.299164835164835
43.321 3.151352647352647
44.349 3.222272373540856
45.449 3.6144363636363637
46.53 3.866871415356152
47.532 3.273564870259481
48.533 3.2171348651348652
49.539 3.202783300198807
50.54 4.3096103896103894
51.549 3.3676190476190477
52.551 3.2120239520958087
53.558 4.465739821251241
54.559 3.0525874125874126
55.568 2.7040475718533203
56.579 1.6887999999999999
57.589 2.2247366336633663
58.591 2.258986027944112
59.599 2.9512619047619046
60.6 4.118473526473526
61.609 3.2299603174603178
62.619 3.044760396039604
63.629 3.8348701684836475
64.639 2.8441188118811884
65.649 3.1945900990099005
66.659 4.753577799801784
67.798 3.4971659350307287
68.809 4.0426772277227725
69.81 2.95008991008991
70.881 3.354248366013072
72.051 3.478871794871795
73.061 4.061116831683169
74.062 3.300859140859141
75.068 3.0889145129224653
76.069 3.875836163836164
77.148 3.2978906394810013
78.149 4.267332667332667
79.15 3.240663336663337
80.228 3.7420853432282004
81.229 4.2578781218781225
82.239 3.5035564356435644
83.249 4.41780594059406
84.25 3.4251508491508496
85.251 2.985982017982018
86.258 3.224913604766633
87.259 4.255456543456544
88.26 3.3454305694305693
89.269 4.2351000991080285
90.28 4.230694362017805
91.379 3.3926114649681534
92.382 4.1073453093812375
93.388 3.0845009940357855
94.428 3.1891692307692305
95.429 4.072407592407592
96.43 3.5437922077922077
97.439 3.088809523809524
98.44 3.3124715284715287
99.441 3.0695624375624373
100.449 3.29802380952381
101.45 2.9268731268731267
102.459 4.312206349206349
103.461 4.086850299401198
104.468 3.048357497517378
107.392 0.013207577589681581
110.036 1.3304265734265734
112.615 0.040570898980537534
115.295 0.03709830508474576
117.975 0.03709830508474576
120.055 0.020266666666666665
121.194 0.04804214223002634
122.774 0.04155949367088608
124.214 0.030399999999999996
125.474 0.026077839555202542
126.494 0.021458823529411763
127.754 0.02605714285714286
128.854 0.05969454545454546
130.236 0.047513748191027494
131.375 0.37472870939420544
132.405 0.39313398058252425
133.794 0.2015665946724262
134.804 0.33590495049504954
135.955 0.2852476107732407
136.964 0.44470168483647177
137.994 0.36125825242718446
139.024 0.2909514563106796
140.054 0.36125825242718446
141.055 0.32799200799200795
142.056 0.3935904095904096
143.074 0.27951277013752457
144.334 0.24762539682539683
145.374 0.2736
146.384 0.2708910891089109
147.456 0.19397014925373132
148.474 0.3332652259332024
149.504 0.2868815533980582
150.534 0.36125825242718446
151.554 0.3648
152.574 0.2798039215686275
153.634 0.2890867924528302
154.654 0.42917647058823527
155.714 0.3303849056603773
156.723 0.37962338949454905
157.743 0.27896470588235295
158.774 0.27598836081474293
159.814 0.2736
161.083 0.3297026239067055
162.084 0.17980419580419582
163.116 0.27572093023255817
164.133 0.26902654867256637
165.163 0.36125825242718446
166.184 0.3644427032321254
167.203 0.36515799803729143
168.224 0.3537238001958864
169.254 0.36125825242718446
170.283 0.3616093294460641
171.284 0.36079120879120885
172.303 0.27897939156035334
173.304 0.36079120879120885
174.323 0.36515799803729143
175.353 0.36125825242718446
176.473 0.2647220732797141
177.595 0.3413903743315508
178.623 0.40454474708171206
179.633 0.3684118811881188
180.643 0.2575128712871287
181.653 0.34674059405940594
182.663 0.2708910891089109
183.693 0.27625631067961165
184.743 0.20596571428571428
185.756 0.27008884501480745
186.774 0.2472612966601179
187.793 0.30071835132482827
188.803 0.2800871287128713
189.823 0.3648
190.853 0.36125825242718446
191.973 0.21222142857142856
193.033 0.40265660377358486
194.053 0.39698823529411764
195.313 0.24693968253968254
196.323 0.3684118811881188
197.353 0.32938252427184467
198.383 0.39313398058252425
199.393 0.28058613861386145
200.423 0.36125825242718446
201.514 0.33102841429880847
202.543 0.3935160349854227
203.553 0.2835009900990099
204.583 0.36125825242718446
205.593 0.3684118811881188
206.673 0.3141333333333333
207.703 0.40375922330097086
208.713 0.17336237623762374
209.733 0.3648
210.743 0.3684118811881188
211.753 0.33590495049504954
212.763 0.3085465346534654
213.783 0.3648
214.803 0.3648
215.893 0.30121100917431193
217.043 0.3504695652173913
218.062 0.30071835132482827
219.093 0.27598836081474293
220.102 0.27115956392467794
221.253 0.24721459600347526
223.995 0.012296045044433893
226.935 0.0228
229.472 0.042214079074252654
231.973 0.04373226773226773
234.693 0.04485245901639344
237.254 0.06188878416588125
239.833 0.03465484483850539
242.335 0.04368862275449102
245.214 0.0158723712835388
246.891 0.037224489795918365
248.031 0.028800000000000003
249.172 0.03836634531113058
251.933 0.0012948108184851282
254.44 0.014533864541832668
256.953 0.07562487660414609
259.809 0.016141592920353984
262.631 0.07611024978466839
265.253 0.03901604278074866
267.851 0.04983606557377049
270.509 0.04725388601036269
273.116 0.05931707317073171
275.712 0.039941605839416056
278.254 0.056778210116731516
281.151 0.0391696492483894
284.1210000000001 0.0
