0.0 1.542095238095238
2.565999999999999 0.004288163318720147
5.536999999999999 0.026367330516998595
8.200000000000003 1.2367463456577816
10.716999999999999 0.7747964601769911
13.220999999999997 1.1772430278884463
15.728000000000002 1.0650566037735847
18.240000000000002 0.999399209486166
20.753 1.0263376110562685
23.259999999999998 0.9889811320754718
25.772 0.7831146245059288
28.284 0.9840948616600791
31.016 0.7992727272727272
33.544 1.0991524752475248
36.045 1.2245034965034967
38.557 1.22200790513834
41.065 1.0142222222222221
43.576 1.3314658753709199
46.085 1.4859544103072349
48.588 0.648295114656032
51.117 0.5105072886297376
53.628 0.04513486885900679
56.42 0.27140636042402827
58.928 1.748
61.441 2.024750246791708
63.94799999999999 2.3909433962264153
66.453 1.4637213930348258
68.96 1.7606037735849056
71.484 0.6243124999999999
73.988 0.239808764940239
76.52 0.40297674418604656
77.672 0.247
78.68 0.6622857142857144
79.688 0.6514285714285715
80.7 0.3676837944664032
81.72 0.3004235294117647
82.729 0.18889197224975224
83.74 0.4762967359050445
84.741 0.491988011988012
85.76 0.49403729146221786
86.78 0.3433411764705882
87.781 0.491988011988012
88.92 0.7246215978928886
89.928 1.0314285714285714
90.941 1.9338361303060216
91.96 1.1858527968596664
92.968 0.8468571428571429
93.969 0.3826573426573427
95.088 0.3716461126005362
96.1 0.5623399209486166
97.108 0.42793650793650795
98.129 0.9539823702252694
99.14 1.0067181008902075
100.148 0.8142857142857143
101.161 0.8903770977295163
102.168 0.8694339622641509
103.189 0.7074476003917728
104.2 0.7144451038575669
105.201 1.1087792207792209
106.22 1.1706535819430814
107.28 1.1193358490566039
108.288 1.3354285714285714
109.301 1.3288371174728528
110.308 1.069569016881827
111.32 1.0814229249011857
112.321 1.4212987012987013
113.332 1.3467853610286844
114.341 1.4534152626362735
115.36 1.3362119725220807
116.361 1.4540979020979021
117.368 1.1673803376365444
118.369 1.486897102897103
119.381 1.6020890207715133
120.4 1.3147085377821393
121.409 1.507647175421209
122.42 1.1627853610286845
123.428 1.6937142857142857
124.568 0.8583859649122806
125.572 1.4824541832669322
126.573 1.6727592407592409
127.58 1.3630029791459781
128.581 1.7711568431568432
129.6 1.4221315014720315
130.601 1.7602237762237762
131.62 1.6691501472031403
132.728 1.71286642599278
133.729 1.301034965034965
134.741 1.2328221343873518
137.579 0.005498447856363789
140.149 0.005938921613049388
142.68 0.01618779208733188
145.193 1.1127660414610068
147.701 1.530857142857143
150.213 0.7831146245059288
152.72 0.6955471698113207
155.221 1.3119680319680318
157.733 1.529296442687747
160.236 1.5057547357926222
162.74 1.2907729083665338
165.253 1.912229022704837
167.76 1.645569016881827
170.275 1.869014807502468
172.78 1.387494527363184
175.285 1.8838925373134328
177.793 1.3833650793650794
180.301 1.606857142857143
182.813 1.1138656126482214
185.332 0.648855740922473
187.833 0.8965114885114885
190.34 1.1085283018867924
192.852 1.0102134387351778
195.353 0.983976023976024
197.88 0.7885647517039922
200.392 0.5515256916996047
202.893 0.44825574425574427
205.4 0.9282859980139027
207.921 1.4913882352941177
210.44 1.05697350343474
212.952 1.0814229249011857
215.46 1.0531428571428572
218.08 1.0007428571428572
220.585 1.4592
223.092 1.434566037735849
225.6 1.3399365079365078
228.113 1.620533070088845
230.621 1.2325878848063556
233.144 0.5348973607038123
235.652 1.4982857142857142
238.16 0.9816507936507937
240.681 1.2326738491674827
243.192 1.0933175074183976
245.701 0.7962893954410306
248.212 1.1366172106824926
250.72 0.38
253.237 0.7425132743362831
255.81 0.006696571808102999
258.496 0.03276014516661168
261.001 0.8058268656716419
263.596 1.7290520547945205
266.108 1.8104664031620554
268.684 1.8756877323420074
271.188 1.6132589641434263
273.708 1.5235764705882353
276.216 1.274793650793651
278.737 1.5435220372184133
281.249 1.377897233201581
283.756 1.6736603773584906
286.277 1.6230048971596476
288.789 2.0655177865612653
291.476 1.3683706823925863
293.996 1.9572078431372548
296.504 2.073714285714286
299.009 1.4746109452736318
301.516 1.9453584905660377
304.025 1.653153617443013
306.529 1.776764940239044
309.036 1.667304865938431
311.537 2.0226173826173826
313.549 1.6698814229249013
314.636 1.3088500459981602
315.649 0.6418953603158934
316.737 0.9153529411764706
317.749 1.1246798418972332
318.856 0.8839747064137309
319.868 1.1246798418972332
320.876 1.1725714285714286
321.925 0.9119847473784557
322.944 0.8484553483807654
323.964 0.7081411764705883
324.977 0.7238381046396841
326.096 0.8549419124218052
327.097 0.9949090909090907
328.136 0.4318614051973051
329.144 0.5537142857142856
330.209 0.5035267605633803
331.217 0.6622857142857144
333.776 0.07020242282141462
334.777 0.8418461538461538
335.789 1.3301501976284584
336.928 0.8591395961369622
337.956 0.6068171206225681
338.969 0.4969634748272458
339.976 1.445433962264151
340.977 1.1087792207792209
341.984 1.1193962264150943
342.988 1.0573386454183267
343.996 0.9273650793650794
345.008 1.1354940711462451
346.016 1.150857142857143
347.036 1.2490666666666665
348.048 1.2003794466403162
349.056 1.0205714285714287
350.057 0.8245194805194805
351.069 0.8975810276679843
352.076 1.0650566037735847
353.084 0.9490793650793651
354.096 1.2544505928853753
355.105 1.4208761149653122
356.124 0.8636545632973504
357.144 0.9656470588235294
358.156 1.0273517786561264
359.176 1.045207843137255
360.184 1.346285714285714
361.197 1.1343731490621916
362.204 0.9826256206554123
363.216 0.8975810276679843
364.237 0.8360744368266405
367.065 0.005870297384450018
370.028 0.012033755870202324
372.584 0.0919090909090909
375.089 0.11803383084577114
377.725 0.09501321585903084
380.228 0.1182691924227318
383.108 0.04688695652173913
385.948 0.08047761194029851
388.685 0.014189888491934609
391.284 0.44986351228389443
393.888 0.1477391304347826
396.448 0.14129556185080264
399.244 0.016359223300970876
401.924 0.18277966101694915
404.584 0.409048275862069
407.128 0.11362452107279694
409.829 0.116729392173189
412.369 0.14516923076923077
414.884 0.08499704433497537
417.424 0.11406153846153846
420.188 0.019823529411764705
422.704 0.19816358839050133
425.224 0.09515294117647059
427.944 0.0972327868852459
430.464 0.10572549019607842
432.965 0.08618581418581417
435.468 0.09676570289132602
438.025 0.0918221381267739
440.625 0.09803636363636363
443.164 0.10379210779595766
445.765 0.09794732061762035
448.28499999999997 0.09515294117647059
451.24800000000005 0.018084856615797416
453.828 0.5491851851851852
456.384 0.10212121212121213
458.96400000000006 0.09985185185185184
461.50800000000004 0.07230651340996168
464.028 0.12687058823529412
466.58399999999995 0.10212121212121213
469.10400000000004 0.10572549019607842
471.784 0.09138983050847457
474.36400000000003 0.10983703703703704
476.94399999999996 0.0798814814814815
479.82399999999996 0.0036680272108843537
482.784 0.19204383561643834
485.68399999999997 0.019507532467532465
488.44500000000005 0.051311657414750196
491.00800000000004 0.05072436500470367
493.84400000000005 0.04035928143712575
496.46799999999996 0.03837722419928826
498.985 0.03181120943952802
501.784 0.04981062355658199
504.544 0.03423492063492063
507.08900000000006 0.041278468899521525
509.744 0.02801038961038961
512.324 0.031501460564751706
515.084 0.05991111111111111
517.624 0.06221538461538461
520.144 0.042290196078431375
523.008 0.03162463343108504
525.509 0.021546453546453542
528.449 0.022466666666666666
531.124 0.027533617021276595
534.105 0.007281566509115463
536.868 0.0142960671674768
539.632 0.0019147727272727274
542.316 0.08197297297297296
544.832 0.10614173228346456
547.372 0.0888923076923077
549.976 0.10185507246376811
552.616 0.12653906935908693
555.536 0.005502040816326531
558.396 0.27585882352941177
561.061 0.08901387604070306
563.612 0.13338915318744055
566.116 0.12889243027888447
568.637 0.12674632713026446
571.196 0.14256468366383382
573.756 0.14243018867924528
576.533 0.028551760656605772
579.512 0.32729634641407307
582.092 0.10983703703703704
584.672 0.1397925925925926
587.197 0.1262517073170732
589.972 0.10995450980392157
592.672 0.16176
595.276 0.11721739130434783
597.952 0.12838095238095237
600.712 0.16261587301587302
603.232 0.1480156862745098
605.792 0.01859310344827586
608.297 0.3440558325024925
610.816 0.4444828263002944
613.356 0.17627692307692308
615.876 0.15858823529411764
618.412 0.15613899613899612
620.933 0.15843290891283054
623.536 0.013454772301933872
626.093 0.01039271561242702
628.716 0.16324844167408728
631.236 0.23259607843137253
633.857 0.21163960749330954
636.397 0.21775384615384616
638.933 0.21859459459459457
641.44 0.18205362462760674
644.197 0.040185254192174606
646.856 0.4687797223898612
649.392 0.135011583011583
651.896 0.2040796812749004
654.397 0.21546453546453545
657.352 0.07170946291560103
659.918 0.10125821596244132
662.477 0.2531293673276676
665.136 0.10235030198446937
667.717 0.21947086031452356
670.312 0.16742283105022832
672.832 0.19030588235294119
675.476 0.19795804195804195
678.092 0.18359856630824373
680.612 0.1691607843137255
683.332 0.016527203065134097
685.853 0.8132889324191969
688.513 0.12085517241379311
691.016 0.17202791625124625
693.613 0.21626982680036463
696.561 0.09411088295687886
699.413 0.19827218934911245
702.141 0.10546699266503667
704.732 0.1680366636113657
707.273 0.21754466858789626
709.792 0.16932679097154074
712.336 0.17560153256704983
714.856 0.1691607843137255
716.985 0.13384397163120568
718.036 0.18504480457578645
720.892 0.0140941000746826
723.512 0.7799142857142857
725.896 0.0935028901734104
726.932 0.1145019305019305
728.116 0.08197297297297296
729.212 0.15743065693430655
730.232 0.13744313725490195
732.613 0.05504913901721966
735.556 0.009388380569813285
738.196 0.10405614035087718
740.777 0.1496392229417206
743.356 0.13992215013901763
745.96 0.11721739130434783
748.496 0.1145019305019305
751.08 0.09948339483394834
753.72 0.12297543859649124
754.756 0.12491119691119691
755.76 0.15037450199203187
756.796 0.1145019305019305
757.88 0.1492250922509225
760.76 0.007708550185873605
763.277 0.6925152409046215
765.36 0.20757156048014774
766.456 0.10823357664233577
767.516 0.12208301886792453
768.556 0.11406153846153846
769.676 0.0962857142857143
772.6 0.018440492476060194
773.62 0.2839529411764706
774.901 0.12647380766223612
775.916 0.1593694581280788
776.981 0.11138403755868545
778.017 0.1040926640926641
779.056 0.13492974013474493
780.061 0.10730348258706468
781.116 0.13288341232227488
782.2 0.12932841328413283
783.316 0.11595698924731182
784.356 0.12443076923076922
787.14 0.02237344398340249
789.676 0.06841698841698841
792.256 0.20397037037037039
793.316 0.05086792452830188
794.32 0.4403824701195219
795.616 0.09153086419753087
796.696 0.09985185185185184
798.017 0.05714458743376231
799.36 0.06423827252419956
800.8 0.0748888888888889
801.92 0.15405714285714284
803.04 0.12517142857142857
804.24 0.14378666666666667
805.4 0.04515862068965518
806.416 0.10635108481262327
807.418 0.14005194805194804
808.56 0.141646234676007
809.636 0.10022304832713755
810.761 0.1342008888888889
811.876 0.1450762331838565
812.965 0.13863728191000918
814.02 0.12266161137440758
815.021 0.12467532467532466
817.636 0.007682279608192341
820.181 0.2448842105263158
823.096 0.36351095406360423
824.116 0.05286274509803921
825.296 0.07311186440677966
826.556 0.07702857142857142
827.68 0.1343202846975089
828.84 0.12085517241379311
829.86 0.15858823529411764
830.88 0.10572549019607842
831.944 0.1320075329566855
832.977 0.09395546950629234
833.996 0.10582924435721296
836.521 0.0032831076581576026
839.16 0.04733977172958735
841.76 0.06862545454545455
844.46 0.07195329441201001
847.22 0.11135186656076251
849.904 0.12751351351351353
852.48 0.12026765799256506
855.041 0.1219679547596607
857.556 0.13812019704433498
860.076 0.08458039215686275
862.6 0.07371875
865.465 0.05530256410256411
868.1 0.057007929515418505
