0.0 5.937755102040816
1.0 25.509344
1.999 40.64845645645646
2.999 48.575872000000004
4.0 41.59542857142858
4.999 28.041161161161163
5.999 33.633824
7.0 20.41526473526474
7.999 16.17579179179179
8.999 18.217792
9.999 18.341152
11.0 27.003812187812187
12.0 25.369952
12.999 30.75187187187187
14.0 24.60604995004995
14.999 12.58416816816817
15.999 52.509856
16.999 30.475584
17.999 38.684672
18.999 31.961312
19.999 24.821344000000003
20.999 32.44032
21.999 61.505536
22.999 36.975328000000005
23.999 23.897344
25.0 22.66917082917083
25.999 33.75157557557557
26.999 30.779391999999998
28.021 25.12926810176125
28.999 28.73462576687117
30.001 27.265085828343313
30.999 48.889330661322646
31.999 32.252064
32.999 17.604671999999997
33.999 19.568192
34.999 16.10528
35.999 17.63184
36.999 10.740863999999998
37.999 11.134688
38.999 5.192288
40.0 0.0
41.0 19.486687999999997
41.999 24.417825825825826
42.999 13.620192
44.0 15.567312687312688
45.0 15.545343999999998
45.999 11.922642642642643
46.999 4.1194880000000005
48.0 30.249782217782215
48.999 24.58118918918919
50.0 23.575496503496502
50.999 24.18745145145145
51.999 15.15152
53.0 16.009014985014986
53.999 16.839879879879884
54.999 12.320928
55.999 10.929376000000001
56.999 3.6449920000000002
57.999 0.0
58.999 0.0
59.999 0.0
60.999 27.143328
61.999 4.367520000000001
62.999 0.884288
63.999 0.258816
64.999 6.880192
66.0 0.0
66.999 0.0
68.0 0.6894865134865134
68.999 22.37760960960961
70.0 4.00764035964036
70.999 6.34733933933934
71.999 8.487008
72.999 6.998816
74.0 7.810589410589411
75.0 6.09296
75.999 6.304160160160161
76.999 5.742688
78.0 4.7669450549450545
79.0 4.734176000000001
79.999 5.354218218218218
80.999 5.262592
81.999 6.060608
82.999 7.5164480000000005
83.999 6.912544
84.999 0.31273599999999996
85.999 0.032352
86.999 0.0
87.999 10.890848
88.999 15.928959999999998
89.999 5.834144
91.0 5.860635364635365
91.999 6.314954954954954
92.999 5.812576
94.0 6.291564435564435
94.999 6.681977977977978
95.999 4.395520000000001
97.0 8.816847152847153
97.999 10.28743943943944
98.999 8.012512
99.999 9.964415999999998
100.999 6.427264
101.999 3.105792
103.0 0.0
104.0 0.075488
104.999 0.0
105.999 0.0
107.0 0.5786533466533466
108.0 11.984128
108.999 8.506298298298297
109.999 0.733312
110.999 0.0
111.999 6.444064
112.999 4.188960000000001
113.999 0.0
114.999 2.0286399999999998
116.0 11.062857142857144
117.0 7.38704
118.0 4.205760000000001
118.999 4.145201201201201
119.999 5.995904
120.999 4.809664
122.0 2.9734105894105896
122.999 3.8105625625625623
123.999 2.221504
125.0 0.0
125.999 0.0
127.0 9.835956043956045
127.999 4.5769929929929924
129.0 7.886001998001997
129.999 5.613293293293293
130.999 3.9685120000000005
131.999 5.5429759999999995
132.999 3.418528
134.0 1.325106893106893
135.0 0.0
135.999 1.4788868868868867
136.999 0.6686079999999999
137.999 0.0
138.999 0.0
139.999 12.088864
141.0 0.3986093906093906
141.999 9.380676676676675
142.999 5.311136
144.0 9.744367632367632
145.0 5.995904
145.999 3.367975975975976
146.999 0.873504
148.0 9.4158001998002
148.999 3.8753313313313313
150.0 2.2192847152847155
150.999 0.5289449449449449
151.999 6.028256
152.999 3.34304
153.999 9.921280000000001
154.999 11.711424000000001
156.0 7.336567432567433
156.999 3.3895655655655657
157.999 11.3232
158.999 8.983072
160.0 5.6236243756243764
160.999 8.160864864864866
162.0 4.352383616383617
162.999 5.181501501501502
163.999 7.861536000000001
165.0 6.877058941058941
166.0 7.350944000000001
166.999 4.641761761761762
167.999 6.491968
168.999 8.044863999999999
170.0 9.049510489510489
170.999 7.783047047047047
171.999 6.63216
172.999 0.5068480000000001
173.999 21.158208
174.999 14.596352
176.0 11.82340859140859
176.999 7.869405405405405
178.0 3.0811428571428574
179.0 21.935488
179.999 15.565261261261261
180.999 13.070208
181.999 12.836704
183.0 15.32656143856144
183.999 18.383535535535536
185.0 19.090573426573428
185.999 19.119951951951954
186.999 19.602527999999996
188.0 14.349938061938062
189.0 9.7056
189.999 8.452324324324325
190.999 7.958592
191.999 7.5056639999999994
192.999 11.129088000000001
193.999 11.538879999999999
194.999 10.287935999999998
195.999 9.597760000000001
196.999 9.791872
197.999 14.925056000000001
198.999 14.105471999999999
199.999 13.846656000000001
200.999 3.817536
201.999 9.9152
202.999 20.60352
203.999 4.356736
204.999 0.0
205.999 0.0
207.0 0.0
207.999 20.995875875875875
208.999 15.372
209.999 9.188352
211.0 12.782641358641358
212.0 13.512768
213.0 14.147775999999999
213.999 12.327655655655654
214.999 14.903488
215.999 14.488512
217.0 13.708723276723276
218.0 15.567328
218.999 18.27123123123123
220.0 24.744439560439563
220.999 26.37511111111111
221.999 25.587008
222.999 28.053984
223.999 27.75136
224.999 29.442176
225.999 22.410336
226.999 12.217087999999999
227.999 41.820352
228.999 32.560192
230.0 25.9925034965035
230.999 23.54636236236236
232.0 27.04866333666334
233.0 22.506624
233.999 26.420468468468467
234.999 22.165888
235.999 31.295167999999997
236.999 24.681055999999998
237.999 18.002015999999998
238.999 20.484831999999997
239.999 26.604960000000002
241.0 25.531524475524474
242.0 24.732928
242.999 28.745065065065063
243.999 25.08544
245.0 27.730445554445556
245.999 35.38453653653654
246.999 33.882112
247.999 41.553632
248.999 32.765312
249.999 31.454112
251.0 21.51694705294705
251.999 25.77582382382382
252.999 28.428768
253.999 18.29552
254.999 35.333312
255.999 3.795968
256.999 19.929119999999998
258.0 17.333834165834165
258.999 17.530746746746747
259.999 14.732607999999999
260.999 14.144703999999999
262.0 16.10821178821179
263.0 16.618144
263.999 14.216744744744744
265.0 5.311200799200799
265.999 18.220844844844844
266.999 13.726335999999998
267.999 2.1053439999999997
268.999 21.417024
270.0 15.077178821178821
271.0 15.555872
271.999 16.07412212212212
272.999 16.013568
273.999 25.326848000000002
274.999 28.17776
275.999 22.128768
276.999 20.953312
278.0 10.967144855144856
278.999 1.3709389389389388
279.999 28.987552
280.999 40.881983999999996
282.0 23.46408791208791
283.0 28.275648
283.999 24.504184184184183
285.0 16.310665334665334
285.999 21.752760760760758
287.0 29.33424975024975
287.999 24.563795795795798
288.999 31.094432
289.999 32.05104
290.999 29.9256
291.999 25.870336
292.999 43.756767999999994
294.0 34.71651548451548
294.999 33.7985025025025
295.999 20.457248
296.999 21.944064
297.999 48.518592
299.0 43.64384415584416
299.999 37.71550750750751
300.999 31.04768
301.999 34.390016
303.0 40.86997802197803
303.999 55.22014814814814
304.999 39.782816
305.999 23.118752
307.0 36.01956443556443
307.999 33.12880880880881
308.999 59.755072
309.999 39.691264000000004
310.999 45.588608
312.0 28.040503496503497
313.0 35.028991999999995
314.0 56.573952
314.999 59.27104704704705
316.0 47.33369030969031
316.999 35.562602602602595
318.0 29.838193806193804
318.999 43.98789189189189
319.999 34.025216
320.999 29.91312
322.0 21.868275724275726
322.999 31.489793793793798
324.0 22.30057942057942
324.999 18.135255255255252
325.999 16.7368
326.999 15.216192
328.014 5.333564532019704
328.999 0.0
329.999 23.897344
330.999 8.648767999999999
331.999 2.3077759999999996
332.999 16.49952
333.999 6.144608
334.999 6.0900479999999995
335.999 7.672608
336.999 10.007551999999999
338.0 7.659764235764237
339.0 8.339167999999999
340.0 6.494016
340.999 5.688856856856857
341.999 5.6616
343.0 0.0
344.0 20.904991999999996
344.999 11.167007007007008
345.999 10.972928
346.999 10.605856000000001
348.0 5.645170829170829
348.999 2.752672672672673
349.999 0.0
350.999 15.830912
351.999 4.475359999999999
352.999 2.1136640000000004
354.0 14.79164035964036
354.999 9.628956956956957
355.999 7.65664
356.999 5.737088
357.999 6.125312
358.999 7.149792000000001
359.999 9.295808000000001
360.999 7.87232
361.999 8.314879999999999
363.0 8.014865134865135
364.0 8.972288
364.999 12.262886886886887
365.999 12.002592000000002
366.999 14.202784
367.999 13.371904
368.999 13.668928000000001
369.999 14.347904
370.999 14.479392
371.999 13.828608000000001
372.999 14.795648
374.0 15.685818181818183
374.999 13.257673673673674
375.999 14.157727999999999
376.999 12.93504
377.999 1.019456
379.0 25.004659340659344
380.001 15.155244755244755
380.999 15.233218436873747
382.0 19.63418981018981
383.0 12.628064
383.999 14.465025025025025
384.999 12.250624
385.999 0.0
386.999 24.941536
387.999 11.486816000000001
389.0 9.211108891108893
389.999 1.8567047047047047
390.999 0.549984
392.0 0.0
393.0 0.309216
394.0 29.627168
394.999 8.992064064064065
396.0 11.796683316683318
397.0 9.801632
398.0 9.641504000000001
398.999 8.527887887887887
399.999 9.589472
400.999 9.595263999999998
401.999 8.007328000000001
402.999 12.525408
403.999 6.815488
404.999 1.811712
406.0 0.0
407.0 15.076032
407.999 11.259387387387386
408.999 13.644255999999999
410.0 16.566313686313684
411.0 14.579968000000001
411.999 18.437573573573573
412.999 18.677823999999998
413.999 16.305408
414.999 11.927104
415.999 8.068512
416.999 18.866208
418.0 21.17683916083916
418.999 24.140684684684686
419.999 24.132512
420.999 22.366016
421.999 16.650496
422.999 14.407424
424.0 15.998241758241758
425.001 15.057038961038963
426.0 15.149037037037036
426.999 16.289345345345346
427.999 18.683488
428.999 20.613408
429.999 13.469216000000001
431.0 4.944911088911089
431.999 2.495071071071071
432.999 11.305343999999998
433.999 1.0568320000000002
434.999 0.0
435.999 22.538784
436.999 8.432864
437.999 6.4258880000000005
438.999 30.90544
440.0 15.085394605394606
440.999 14.583767767767768
441.999 12.402432000000001
443.0 16.30507092907093
444.0 18.892736
445.0 21.128352
446.0 23.428672
447.0 21.624383999999996
447.999 20.30962162162162
448.999 22.860383999999996
449.999 17.490816
450.999 21.452479999999998
451.999 20.037087999999997
452.999 19.000991999999997
454.0 18.933386613386617
455.0 20.441632000000002
455.999 18.070486486486487
456.999 19.341312000000002
457.999 18.445823999999998
458.999 18.526912
459.999 18.036448
460.999 16.871360000000003
462.0 12.338669330669331
462.999 13.479367367367368
463.999 20.133728
465.0 0.0
466.0 32.330432
466.999 13.072496496496496
468.0 16.294713286713286
468.999 15.344592592592594
469.999 14.569183999999998
471.0 8.295384615384616
472.0 0.0
472.999 7.016616616616617
473.999 0.5823360000000001
474.999 0.0
475.999 19.605312000000005
476.999 5.5537600000000005
477.999 3.247296
478.999 25.228063999999996
479.999 12.158752
481.0 10.799952047952049
482.0 6.394912
482.999 0.043179179179179177
484.0 7.712
485.0 21.370752
485.999 13.617009009009008
487.0 16.30030769230769
487.999 16.941805805805807
488.999 12.88688
490.0 10.460803196803198
490.999 10.157901901901901
492.0 7.74595004995005
493.0 5.370431999999999
493.999 0.0
495.0 16.881646353646353
496.0 7.8076159999999994
496.999 3.6594354354354355
498.0 0.0
498.999 11.561225225225225
499.999 5.44592
501.0 5.795996003996004
502.0 5.370431999999999
502.999 2.5259819819819818
503.999 0.0
504.999 0.0
505.999 0.0
507.0 0.18314485514485515
507.999 28.43909509509509
508.999 7.597119999999999
509.999 8.488256
510.999 8.151456
512.0 5.742129870129871
512.999 7.308076076076076
513.999 7.2899840000000005
514.999 6.4704
516.0 5.009550449550449
517.0 0.0
517.999 5.386602602602603
518.999 12.423168
519.999 4.680256000000001
520.999 5.737088
522.0 7.185742257742257
523.0 5.456703999999999
524.0 0.8088
524.999 2.5043923923923925
525.999 11.075168
527.0 0.807992007992008
527.999 9.186370370370371
528.999 4.734176000000001
529.999 3.07344
530.999 6.52432
531.999 5.721952000000001
532.999 2.8621119999999998
534.0 0.5817542457542457
534.999 0.0
536.0 0.7756723276723276
536.999 0.0
538.0 0.0
538.999 15.257753753753754
539.999 9.075424
540.999 4.809664
541.999 6.330208
542.999 3.957728
543.999 2.987168
545.0 0.8618581418581418
545.999 0.0
546.999 11.592799999999999
547.999 5.424352
549.0 2.2085114885114883
549.999 1.155043043043043
551.0 0.0
552.0 1.7009919999999998
552.999 3.360064064064064
554.0 7.0133706293706295
554.999 3.627051051051051
555.999 3.386176
556.999 7.236064000000001
558.0 7.358113886113886
558.999 4.712136136136136
559.999 4.318784
561.0 8.446209790209789
562.0 7.675520000000001
562.999 7.548252252252253
563.999 4.992992
564.999 4.432224000000001
565.999 4.033216
567.0 5.0957362637362635
567.999 4.782094094094094
568.999 0.8627199999999999
569.999 2.5234560000000004
571.0 9.94368831168831
571.999 1.5544504504504506
573.0 0.0
574.0 14.45056
574.999 9.186370370370371
575.999 9.75952
577.0 7.767496503496504
577.999 2.018626626626627
579.0 7.433526473526474
580.0 4.205760000000001
581.0 4.270464
581.999 5.084348348348349
582.999 5.618464
583.999 3.274816
585.0 3.7271208791208794
585.999 4.073577577577577
587.0 7.034917082917083
587.999 8.948884884884885
588.999 11.278208000000001
590.0 10.63502897102897
590.999 8.344376376376378
591.999 4.712608
593.0 7.04569030969031
593.999 5.173013013013013
594.999 6.554368
596.0 1.3466533466533466
596.999 16.634778778778777
597.999 8.983072
598.999 9.65168
599.999 11.830048000000001
600.999 11.900352000000002
601.999 11.53328
603.0 10.45002997002997
603.999 4.490634634634635
604.999 0.399008
606.0 16.49381018981019
606.999 13.925285285285284
608.0 12.249158841158842
608.999 14.098002002002003
609.999 19.945216000000002
611.0 15.615584415584415
611.999 15.522914914914915
613.0 18.540723276723277
613.999 18.642610610610607
614.999 13.674112
615.999 8.8968
616.999 9.295808000000001
617.999 8.756672
618.999 10.169792
620.0 9.075692307692309
621.0 6.125312
622.0 11.997408
622.999 20.22364764764765
623.999 27.553312000000002
624.999 29.492832
626.0 24.170933066933067
627.0 19.567776000000002
628.0 15.03808
628.999 13.791391391391391
629.999 13.268672
630.999 9.9752
632.0 10.45002997002997
632.999 11.43895895895896
634.003 27.31796015936255
634.999 34.7754859437751
635.999 24.807584000000002
637.001 16.238019960079843
637.999 12.925595190380761
638.999 20.154464
639.999 12.20624
640.999 14.003647999999998
641.999 9.796224
642.999 2.4371840000000002
643.999 15.520576
645.0 25.46033166833167
645.999 20.704416416416418
646.999 33.65024
648.0 39.05953246753246
648.999 34.57204404404404
649.999 55.429567999999996
651.0 34.485514485514486
651.999 32.036836836836834
652.999 23.315008000000002
653.999 22.492704000000003
654.999 33.423584
655.999 39.162976
656.999 46.111743999999995
657.999 35.441184
