0.0 0.0
1.0 19.200704
2.001 24.886153846153846
3.0 23.397925925925925
4.0 35.689440000000005
5.0 28.066816
6.001 28.342697302697303
7.0 30.468964964964968
8.0 23.428896
9.0 27.54352
10.0 20.880928
11.001 23.598545454545455
12.001 22.22064
13.0 18.534662662662665
14.0 18.311232
15.0 19.939616
16.001 10.536215784215784
17.0 5.332628628628628
18.0 11.722208000000002
19.0 13.900576
20.0 9.00464
21.0 9.910496
22.0 6.340992
23.001 3.07036963036963
24.001 2.793056
25.0 3.486718718718719
26.001 5.1711488511488515
27.0 2.925389389389389
28.0 6.30864
29.0 2.846976
30.001 3.4151128871128873
31.0 3.249233233233233
32.0 4.432224000000001
33.0 1.585248
34.001 1.2604675324675325
35.0 2.569161161161161
36.0 2.383264
37.0 1.3911360000000002
38.0 0.10783999999999999
39.0 0.0
40.0 0.0
41.001 0.0
42.0 0.0
43.0 0.0
44.001 0.0
45.0 0.0
46.001 0.0
47.0 0.0
48.0 0.0
49.0 2.3724800000000004
50.0 14.828
51.0 29.666784
52.0 4.9569280000000004
53.0 47.123648
54.0 39.904064
55.0 29.172159999999998
56.001 17.93326673326673
57.001 36.44992
58.0 34.28426826826827
59.0 50.983232
60.001 53.55722677322677
61.001 51.525952
62.001 52.334752
63.0 57.33115515515515
64.0 28.298784
65.0 20.7792
66.002 30.243608782435132
67.0 40.98513827655311
68.001 38.71804995004995
69.001 26.509312
70.0 39.63790990990991
71.0 24.726464
72.0 29.898848
73.0 27.094592000000002
74.0 11.97024
75.001 25.62432767232767
76.0 32.75742942942943
77.0 39.82448
78.0 34.294368000000006
79.001 9.303624375624375
80.001 25.72288
81.0 64.74878078078078
82.001 28.56772027972028
83.001 8.984512
84.0 14.16277077077077
85.0 12.541792
86.0 6.869408000000001
87.0 9.047776
88.0 24.361055999999998
89.0 9.932064
90.0 0.0
91.0 25.704704000000003
92.0 13.969631999999999
93.0 16.693632
94.0 15.194656
95.0 12.552576
96.0 6.114528
97.0 4.766528
98.0 5.715520000000001
99.0 3.34304
100.0 4.270464
101.0 4.4106559999999995
102.001 4.029186813186813
103.0 4.112816816816816
104.0 2.80384
105.001 2.747172827172827
106.0 3.2384384384384384
107.0 3.7312640000000004
108.0 4.496928
109.0 6.340992
110.0 5.338080000000001
111.001 3.986093906093906
112.0 8.830142142142142
113.0 16.149696000000002
114.0 20.095328000000002
115.0 10.681344
116.0 3.116576
117.0 37.566272
118.0 11.705824
119.0 10.126176
120.0 12.072896000000002
121.0 15.879232
122.001 20.889286713286715
123.0 12.025401401401401
124.0 8.821311999999999
125.0 7.71056
126.0 16.295456
127.001 14.338333666333668
128.0 13.882106106106107
129.0 10.234432
130.0 13.253120000000001
131.0 12.638848
132.0 9.285024
133.0 9.446784
134.0 11.722208000000002
135.0 9.581791999999998
136.0 15.368992
137.0 19.047936
138.0 5.888064
139.0 8.314464000000001
140.001 10.600855144855144
141.0 12.597941941941942
142.0 13.296256
143.0 12.957184
144.0 15.663968
145.0 16.704
146.001 17.597922077922078
147.0 7.344784784784785
148.0 28.945472
149.0 33.441184
150.0 22.031712
151.0 17.303136
152.0 17.550752
153.0 19.73472
154.0 12.423168
155.001 19.66113886113886
156.001 17.518816
157.0 20.81755355355355
158.001 17.458221778221777
159.001 9.462752
160.001 21.708191999999997
161.0 16.23537137137137
162.0 15.723072000000002
163.0 18.27888
164.0 24.037536000000003
165.0 26.47472
166.001 26.933066933066936
167.0 23.55465865865866
168.0 25.428256
169.001 12.51848951048951
170.0 34.36835235235235
171.0 39.398816
172.0 40.79328
173.001 34.32308491508491
174.001 18.645536
175.0 9.378306306306307
176.0 44.367744
177.0 29.300128
178.001 36.32421978021978
179.0 24.297001001001
180.0 34.524767999999995
181.0 33.333344
182.0 33.075776000000005
183.0 39.81328
184.0 40.463680000000004
185.001 39.761870129870125
186.0 36.81585585585586
187.001 38.271328671328675
188.001 48.531584
189.0 37.47312112112112
190.001 28.8234005994006
191.0 60.94388788788789
192.0 59.755199999999995
193.0 39.29296
194.0 38.188256
195.001 5.8759800199800205
196.0 25.289417417417418
197.001 70.90458341658342
198.001 35.657824
199.0 27.45587187187187
200.001 27.795340659340656
201.001 30.34576
202.0 25.07714114114114
203.0 25.281888
204.0 24.814144
205.001 17.72195804195804
206.001 24.824768
207.001 7.76448
208.0 38.09483083083083
209.001 22.531004995004995
210.001 21.499104
211.001 17.660256000000004
212.0 26.8258978978979
213.001 30.09313886113886
214.0 27.485661661661666
215.0 29.254464000000002
216.0 25.462272000000002
217.0 29.29888
218.001 26.025014985014984
219.0 17.398966966966967
220.0 23.649472000000003
221.0 24.244512
222.0 21.886336
223.0 20.815808
224.0 19.51904
225.0 20.392544
226.0 20.370976
227.0 23.185599999999997
228.0 18.850432
229.0 16.4512
230.0 22.776224
231.001 18.65571228771229
232.0 20.647943943943947
233.0 20.802335999999997
234.0 17.119808
235.001 22.827092907092908
236.0 18.098642642642645
237.0 20.187648000000003
238.0 17.211264
239.001 1.072143856143856
240.0 15.792944944944946
241.001 30.040775224775224
242.0 0.8204044044044044
243.001 33.225046953046956
244.0 18.189645645645648
245.001 13.239464535464537
246.0 16.418882882882883
247.0 12.121216
248.001 12.841686313686315
249.0 11.647583583583584
250.0 10.988896000000002
251.0 10.449696
252.001 7.099556443556444
253.0 8.808552552552552
254.0 8.131136000000001
255.0 8.972288
256.0 7.0635200000000005
257.0 5.413568000000001
258.001 5.138829170829172
259.0 9.25113913913914
260.0 10.595488
261.0 10.648992
262.0 11.088672
263.164 13.996481099656357
264.116 13.004235294117647
265.072 9.441640167364017
266.044 13.391242798353908
267.02 14.410262295081967
268.0 15.475395918367347
269.0 11.225664000000002
270.0 8.810528
271.0 5.963552
272.0 3.39696
273.0 2.5018879999999997
274.0 4.669472
275.0 1.358784
276.0 2.4587519999999996
277.0 29.849376
278.001 25.16763236763237
279.0 27.33177977977978
280.0 36.293536
281.0 36.39232
282.001 28.030657342657342
283.0 34.78041241241241
284.0 2.2969920000000004
285.0 20.166080000000004
286.0 16.885088
287.001 33.92754445554446
288.0 29.804844844844844
289.0 32.022688
290.0 28.327936
291.002 56.44624351297405
292.0 37.89652905811623
293.0 28.894944
294.001 26.199496503496505
295.0 15.220148148148148
296.0 25.029664
297.0 22.534624
298.0 31.616
299.0 31.096896
300.0 15.663104
301.0 13.631488
302.0 62.062592
303.0 34.804832
304.0 16.512383999999997
305.001 32.041398601398605
306.0 28.08414814814815
307.001 27.104767232767234
308.0 25.487183183183184
309.001 30.617510489510487
310.0 15.491427427427427
311.0 30.542688
312.0 36.37824
313.0 30.112607999999998
314.001 20.28598601398601
315.0 19.63243243243243
316.0 25.399616
317.0 14.910752
318.0 17.446432
319.0 19.735135999999997
320.001 28.05057342657343
321.0 26.27661261261261
322.0 28.034048
323.0 18.504096
324.0 21.62192
325.0 22.710463999999998
326.0 53.10944
327.0 35.290144000000005
328.001 41.987836163836164
329.0 31.405773773773774
330.0 30.071456
331.001 35.746909090909085
332.0 38.766126126126125
333.0 37.160192
334.001 21.635484515484517
335.001 40.601728
336.0 44.69109109109109
337.0 61.227008
338.001 56.68744055944056
339.001 39.782176
340.0 32.448
341.001 26.777446553446552
342.0 60.45187587587588
343.0 50.909984
344.001 42.962797202797205
345.0 33.672584584584584
346.001 27.857710289710287
347.0 42.31008608608609
348.001 42.9035924075924
349.001 40.338176
350.0 31.032472472472474
351.0 32.538624
352.0 60.407808
353.0 61.365536
354.0 51.836896
355.0 34.339808
356.0 22.899552
357.001 20.594989010989014
358.0 40.53519119119119
359.0 21.6352
360.001 29.5406993006993
361.001 24.045312000000003
362.0 47.839967967967965
363.0 62.52134399999999
364.0 61.93152
365.001 58.00570629370629
366.0 25.88582182182182
367.0 44.843008000000005
368.001 66.7472047952048
369.0 63.43674874874875
370.0 61.865984
371.0 16.613376
372.0 15.564799999999998
373.001 12.50487112887113
374.0 36.37608808808809
375.0 53.510144000000004
376.0 15.64672
377.0 29.802495999999998
378.0 64.831488
379.0 61.587455999999996
380.0 64.323584
381.001 30.345590409590407
382.0 47.03634834834835
383.0 63.766528
384.0 63.045632000000005
385.0 61.99705599999999
386.0 37.093376
387.001 32.964411588411586
388.0 55.87616416416416
389.0 59.129856000000004
390.0 46.235648000000005
391.0 25.100288000000003
392.001 42.35943256743257
393.001 36.732928
394.001 48.07065600000001
395.0 28.913905905905906
396.001 23.061994005994006
397.0 38.50814014014014
398.001 59.03804995004995
399.0 58.97583983983984
400.001 62.589826173826175
401.0 26.831055055055053
402.0 45.187072
403.0 59.441152
404.0 57.556992
405.0 63.07840000000001
406.0 33.882112
407.0 27.656192
408.0 59.572224
409.0 55.22176
410.0 2.361696
411.001 0.0
412.0 0.0
413.0 0.0
414.0 42.21808000000001
415.0 62.734336
416.0 37.175296
417.0 54.411264
418.0 54.722559999999994
419.0 60.801024
420.0 59.42476799999999
421.0 39.02668800000001
422.001 24.8788011988012
423.001 56.999936
424.0 61.2882962962963
425.0 60.60441599999999
426.001 33.815528471528474
427.001 9.99424
428.0 25.83063063063063
429.0 58.146815999999994
430.0 59.572224
431.0 43.188224000000005
432.0 42.401792
433.0 60.145664
434.0 57.18016
435.0 54.61552
436.0 33.882112
437.0 23.642112
438.001 59.840063936063935
439.0 46.02061261261261
440.0 36.598944
441.0 31.560032000000003
442.0 29.048832
443.0 32.003232
444.001 13.832823176823178
445.0 13.288392392392392
446.0 18.00928
447.0 18.084768
448.0 14.35392
449.0 10.815936
450.001 3.382793206793207
451.001 2.951136
452.0 22.721953953953953
453.001 19.196067932067933
454.0 20.75941541541542
455.0 16.685312
456.0 17.359104
457.0 17.010752
458.0 33.654784
459.001 34.09042157842158
460.0 40.545249249249245
461.001 18.84390809190809
462.0 47.23315315315315
463.0 33.110208
464.0 32.093184
465.0 24.048736
466.001 21.319800199800202
467.001 28.491328
468.001 31.241248
469.001 30.4984
470.0 26.871383383383385
471.0 20.35104
472.0 21.540416
473.0 11.727808000000001
474.0 6.190016
475.0 16.165216
476.001 15.028651348651348
477.001 17.966144
478.0 18.375655655655656
479.0 12.538879999999999
480.001 9.458893106893107
481.0 16.953433433433435
482.0 14.218495999999998
483.0 9.349728
484.0 9.446784
485.001 26.620643356643356
486.0 24.85563963963964
487.001 18.267460539460536
488.0 14.247047047047046
489.0 9.436
490.001 15.168703296703297
491.0 8.279607607607607
492.0 14.180959999999999
493.001 13.326481518481518
494.001 3.418528
495.0 4.792888888888889
496.0 15.011327999999999
497.0 18.04496
498.0 24.444
499.0 20.38176
500.0 8.84288
501.0 6.184416
502.001 6.356203796203797
503.001 9.026208
504.0 2.9577737737737735
505.001 3.3073806193806194
506.001 8.098784
507.0 21.126246246246247
508.0 7.597536
509.0 26.414367999999996
510.0 14.214976
511.001 17.720295704295705
512.0 8.204044044044043
513.0 6.966464
514.0 11.409472000000001
515.001 18.842373626373625
516.0 18.510382382382385
517.0 19.629568
518.0 17.175392000000002
519.001 7.840831168831169
520.0 5.332628628628628
521.001 0.66794005994006
522.0 5.678062062062062
523.001 9.135696303696305
524.0 16.839879879879884
525.0 13.369536
526.0 16.631552
527.0 19.217088
528.0 26.517856
529.001 23.56104695304695
530.001 23.819168
531.001 23.921599999999998
532.001 32.63456
533.0 43.95598798798798
534.0 49.519424
535.0 28.215488
536.001 16.49381018981019
537.0 14.270558558558559
538.0 11.698176
539.0 29.151776
540.0 12.277376
541.0 9.576191999999999
542.0 10.874464
543.0 5.2152639999999995
544.0 21.902304
545.0 10.083040000000002
546.0 15.117248
547.0 35.96208
548.001 24.799264735264735
549.001 23.02384
550.0 16.3593033033033
551.0 9.586976
552.001 17.113478521478523
553.0 23.548636636636637
554.0 28.113888
555.0 23.832639999999998
556.001 30.91916083916084
557.0 20.187131131131135
558.001 28.86061138861139
559.001 30.575808
560.0 20.28024824824825
561.0 25.23456
562.0 32.048256
563.001 41.235276723276726
564.0 35.61443043043043
565.0 39.646016
566.001 33.85136463536463
567.0 44.16992992992993
568.0 32.325632
569.0 59.555839999999996
570.0 56.292096
571.0 54.262112
572.0 38.211167999999994
573.0 21.479424
574.0 55.246848
575.0 61.849599999999995
576.0 55.001088
577.0 47.742976
578.001 26.18821178821179
579.001 51.314688000000004
580.0 52.597109109109105
581.0 16.456383999999996
582.001 21.83522077922078
583.0 34.98205405405405
584.001 57.13940459540459
585.0 56.28617417417417
586.001 56.79568431568432
587.0 46.77394194194194
588.0 21.495808
589.0 50.511872000000004
590.0 62.52134399999999
591.001 36.781906093906095
592.0 26.68486086086086
593.0 19.955872
594.0 31.440544
595.0 20.273919999999997
596.0 31.604384
597.0 22.126336
598.001 20.13592807192807
599.001 28.17072
600.0 42.88999399399399
601.0 14.34272
602.0 18.731808
603.0 26.010848000000003
604.001 21.061818181818182
605.0 17.61752152152152
606.001 14.726585414585415
607.0 22.798606606606604
608.001 11.394141858141857
609.0 15.814758758758758
610.001 17.54236163836164
611.001 12.936448
612.0 16.525997997997997
613.0 21.40064
614.0 21.886336
615.0 22.097663999999998
616.0 24.402943999999998
617.0 19.567359999999997
618.001 24.142801198801198
619.0 20.207855855855854
620.0 22.765024
621.001 20.21658341658342
622.001 13.215392
623.0 11.29113113113113
624.0 13.744416
625.0 7.230464
626.0 18.915136
627.0 22.97552
628.0 25.110336
629.001 26.17273926073926
630.001 20.476768
631.001 22.34048
632.0 29.368472472472472
633.001 20.889286713286715
634.0 34.68556556556556
635.0 35.19232
636.0 32.302848000000004
637.0 35.733503999999996
638.0 32.718848
639.0 51.625984
640.0 47.312448
641.0 38.258944
642.0 12.64
643.0 29.24544
644.001 38.92222977022977
645.0 60.38627427427428
646.001 56.79568431568432
647.0 58.12301901901902
648.001 42.784991008991014
649.0 26.69985185185185
650.0 47.54636800000001
651.0 60.899328000000004
652.0 59.441152
653.0 54.050816000000005
654.001 42.09755044955045
655.0 27.71667667667668
656.0 49.577984
657.0 58.753024
