0.0 16.229459526774594
1.0 25.536512
2.001 28.00210989010989
3.0 30.85981981981982
4.0 21.330752
5.0 18.516128
6.0 12.229472
7.0 9.694399999999998
8.0 15.410336000000001
9.0 27.55312
10.0 21.670656
11.0 23.967232000000003
12.001 17.5875004995005
13.01 8.496808721506444
14.0 17.695353535353537
15.003 15.751720837487538
16.003 17.911808
17.007 15.011442231075696
18.0 16.517865055387713
19.003 14.03578065802592
20.0 15.543237713139419
21.001 3.9214545454545457
22.001 28.655616000000002
23.0 1.7786106106106105
24.0 32.254944
25.0 22.781408
26.0 21.762112000000002
27.0 26.410752
28.001 30.524995004995006
29.001 23.283071999999997
30.0 10.351791791791792
31.0 15.259360000000001
32.001 30.865294705294705
33.001 26.900896
34.0 28.373909909909912
35.001 19.251756243756247
36.0 18.966454454454453
37.0 23.930944
38.001 19.2647032967033
39.0 41.49176376376377
40.0 30.554816
41.001 29.766265734265733
42.0 34.342822822822825
43.001 33.08995004995005
44.001 32.759040000000006
45.0 31.277709709709708
46.001 33.55901698301698
47.0 34.93093093093093
48.0 33.21632
49.0 15.701151999999999
50.001 42.017182817182814
51.0 50.41463863863864
52.0 28.608352
53.0 27.099135999999998
54.0 48.255872000000004
55.0 30.88496
56.0 32.039263999999996
57.001 24.41213186813187
58.0 27.980108108108105
59.0 28.480544
60.0 25.466848
61.001 25.752967032967035
62.001 18.996223999999998
63.001 25.671104
64.001 24.15616
65.0 25.011539539539537
66.0 28.599168000000002
67.0 25.246592000000003
68.0 24.381376
69.0 26.690815999999998
70.001 25.12274925074925
71.0 25.27996796796797
72.0 25.785984000000003
73.001 2.3278481518481517
74.001 33.272992
75.0 23.4354994994995
76.0 20.619008
77.001 16.359352647352647
78.0 15.99228028028028
79.0 14.721408
80.0 10.955296
81.0 8.778175999999998
82.0 1.288736
83.005 23.47816119402985
84.001 13.198907630522088
85.0 13.606214214214214
86.0 13.911360000000002
87.001 12.927872127872128
88.0 11.836700700700701
89.001 16.17620779220779
90.001 17.539968
91.0 18.40887287287287
92.002 23.7335249500998
93.0 14.393170340681364
94.001 35.3537022977023
95.0 31.254038038038036
96.0 34.03430399999999
97.001 36.512543456543455
98.0 29.608872872872873
99.001 38.202053946053944
100.001 33.616672
101.0 27.18292692692693
102.001 26.77047752247752
103.0 19.905825825825826
104.0 20.635744
105.001 18.109794205794206
106.001 18.818080000000002
107.001 23.983616
108.001 23.566367999999997
109.0 23.97792992992993
110.001 30.87047352647353
111.0 27.931323323323323
112.0 30.536991999999998
113.0 22.025119999999998
114.0 25.428832
115.0 27.891552
116.0 28.05936
117.0 26.887872
118.0 26.710463999999998
119.001 26.888727272727273
120.0 26.325621621621618
121.0 27.0168
122.001 28.096575424575427
123.001 27.777952000000003
124.0 27.23815015015015
125.0 7.468768
126.0 26.123808
127.0 32.296416
128.002 0.7358083832335329
129.0 25.054236472945895
130.0 16.67808
131.0 15.587648
132.0 17.692608
133.0 21.221664
134.0 21.896704000000003
135.0 14.67952
136.001 15.110073926073925
137.0 18.22388788788789
138.0 17.827616000000003
139.0 13.559424
140.0 12.126624
141.0 14.062111999999999
142.0 10.166208000000001
143.0 13.116448000000002
144.03 13.265366990291263
145.001 17.897656024716785
146.0 25.408672672672676
147.0 27.695584
148.0 23.612864000000002
149.0 25.27744
150.0 26.932000000000002
151.0 26.693312
152.001 19.15271928071928
153.0 15.137441441441442
154.032 17.368434108527133
155.032 10.061888000000001
156.038 19.11277932405567
157.039 0.851084915084915
158.0 28.211213319458896
159.0 32.8912
160.001 30.720703296703295
161.0 38.246374374374376
162.001 42.61632767232768
163.0 42.890090090090084
164.001 11.232095904095905
165.0 23.042562562562562
166.0 56.885248
167.0 60.932096
168.001 44.53424975024975
169.001 37.863424
170.0 47.46275875875877
171.0 51.996864
172.001 44.928927072927074
173.001 45.866496
174.001 43.057152
175.0 37.852124124124124
176.0 54.837247999999995
177.001 55.33864535464535
178.0 45.855519519519525
179.0 46.219264
180.0 27.19744
181.0 50.13504
182.0 59.572224
183.0 46.15372800000001
184.0 49.905663999999994
185.0 38.22387200000001
186.001 52.06543856143856
187.0 34.82932532532533
188.001 55.58447952047952
189.0 41.44381181181182
190.0 53.100544
191.0 25.788416
192.001 58.988947052947054
193.0 58.877437437437436
194.0 51.085312
195.0 43.974656
196.0 28.459008
197.0 58.507264000000006
198.001 56.86828371628372
199.0 42.70561761761762
200.0 40.084128
201.0 22.739776000000003
202.001 30.308763236763237
203.0 32.08213013013013
204.0 29.120383999999998
205.0 29.261919999999996
206.001 29.78992207792208
207.0 42.296856856856856
208.001 35.90463936063936
209.001 20.565088
210.0 37.360784784784784
211.0 35.704384
212.001 45.55112087912088
213.0 36.68023223223223
214.0 26.517856
215.0 32.556896
216.0 30.583423999999997
217.002 27.32199600798403
218.0 19.5621002004008
219.001 17.25870929070929
220.0 29.50553753753754
221.0 25.781184000000003
222.0 28.674656
223.0 32.669344
224.001 17.631168831168832
225.001 11.236928
226.005 15.42412749003984
227.0 18.196711557788944
228.001 28.643132867132866
229.001 28.117376
230.0 29.32945745745746
231.0 34.698144
232.0 31.538752000000002
233.026 24.707586744639375
234.0 31.629108829568786
235.013 14.32304837117473
236.021 22.113619047619046
237.027 16.347514910536777
238.0 26.504024665981504
239.0 11.26512
240.0 39.029952
241.001 26.50578221778222
242.001 29.652544000000002
243.001 22.940192
244.0 21.04984984984985
245.0 18.581248
246.001 23.148979020979024
247.0 26.946082082082082
248.001 25.004659340659344
249.0 16.49444644644645
250.0 22.236608
251.0 20.11216
252.001 18.540723276723277
253.001 16.326976
254.0 22.89575975975976
255.0 18.699456
256.002 18.184239520958084
257.0 18.605819639278558
258.003 15.063800598205383
259.01 13.573497517378351
260.001 19.337202825428857
261.01 17.346315163528246
262.01 15.610048
263.016 19.370465208747515
264.026 17.707976237623765
265.047 10.889621939275221
266.0 24.478824763903464
267.001 8.019628371628372
268.001 8.126464
269.0 50.65776176176177
270.004 13.845609561752989
271.015 10.676921859545006
272.027 9.900363636363636
273.035 10.24311111111111
274.043 9.949936507936506
275.0 18.158612330198537
276.001 15.254889110889112
277.0 16.289345345345346
278.0 16.898528
279.0 21.363936
280.001 22.827636363636362
281.0 19.786858858858857
282.0 21.557439999999996
283.001 19.229986013986014
284.0 12.673089089089089
285.001 14.296071928071926
286.019 17.617320235756385
287.032 18.799510365251727
288.083 20.386648905803995
289.093 19.818772277227723
290.074 21.447926605504588
291.088 24.778571992110454
292.097 22.058878097125866
293.153 20.01648484848485
294.16 0.0
295.001 33.929208085612366
296.011 0.0
297.0 30.789209302325578
298.0 12.268352000000002
299.009 12.437185332011893
300.0 12.677457114026236
301.001 18.508403596403596
302.0 20.774790790790792
303.001 17.86718881118881
304.0 23.72820820820821
305.0 22.737024
306.001 12.93305094905095
307.006 11.573301492537315
308.0 12.676539235412475
309.0 11.80848
310.0 12.520224
311.0 12.030176
312.0 13.689664
313.0 12.547391999999999
314.011 11.317744807121663
315.021 10.3296
316.03 9.801133795837462
317.034 13.797067729083665
318.037 12.380011964107675
319.057 12.253584313725492
320.068 7.418872403560831
321.085 5.179720747295969
322.088 6.725423728813559
323.001 34.19250821467689
324.0 54.285325325325324
325.001 56.77931668331669
326.0 51.398854854854854
327.0 47.02208
328.0 40.337408
329.001 41.60652147852148
330.001 54.755328
331.0 52.77648848848849
332.001 50.772395604395605
333.0 48.774790790790796
334.0 46.15372800000001
335.0 39.944192
336.0 59.834368
337.0 56.049664
338.0 48.644096
339.0 42.713088000000006
340.0 39.796735999999996
341.0 58.753024
342.0 52.084736
343.0 53.035008000000005
344.0 49.545216
345.001 43.406961038961036
346.0 40.9025985985986
347.001 58.72706493506493
348.0 47.807167167167165
349.0 46.710784
350.0 44.859392
351.0 42.631167999999995
352.0 44.023807999999995
353.001 53.76767232767233
354.001 46.907392
355.0 50.939643643643635
356.001 33.831896103896106
357.0 49.43080680680681
358.0 46.956544
359.001 43.406961038961036
360.0 39.55776576576577
361.0 40.140800000000006
362.0 42.467328
363.0 37.02784
364.0 32.243712
365.0 30.572544
366.0 34.57024
367.0 38.22387200000001
368.001 56.22281718281719
369.0 57.286598598598594
370.0 44.761088
371.0 53.362688000000006
372.0 31.653888
373.001 55.28986213786214
374.0 56.630582582582576
375.0 23.396352
376.0 29.523968
377.0 39.288832
378.001 26.20457942057942
379.0 56.53218018018018
380.0 56.721408000000004
381.0 47.661056
382.001 46.958737262737266
383.0 41.263407407407406
384.0 46.497792000000004
385.0 53.624832000000005
386.001 53.50579020979021
387.001 44.038976
388.0 30.829069069069067
389.0 30.475616000000002
390.0 28.647903999999997
391.0 18.0576
392.007 12.968643495531282
393.0 4.267987915407855
394.0 5.5537600000000005
395.0 1.6209280000000001
396.0 12.980608
397.0 28.814848
398.0 14.849567999999998
399.0 15.3672
400.001 5.246561438561439
401.001 6.567456
402.001 22.020927999999998
403.0 12.554346346346346
404.0 13.26432
405.0 22.366016
406.0 50.407743999999994
407.0 18.954943999999998
408.0 21.553568
409.0 35.504576
410.0 21.417024
411.0 15.626016
412.001 13.348027972027973
413.0 11.312944944944945
414.0 7.469376
415.0 21.864352
416.0 18.886720000000004
417.0 17.365984
418.001 13.015912087912087
419.0 16.731931931931932
420.0 17.054688
421.0 17.896256
422.001 16.472263736263734
423.0 19.468204204204206
424.0 18.05408
425.001 15.430777222777222
426.001 11.948672
427.0 12.165733733733733
428.0 18.708608
429.001 22.6794965034965
430.0 28.62757157157157
431.0 26.984896000000003
432.0 34.120991999999994
433.001 25.680975024975023
434.0 34.09643243243244
435.0 30.677856
436.0 38.762080000000005
437.0 28.802176
438.0 30.964512
439.0 46.727168
440.001 33.78279320679321
441.001 54.8864
442.0 45.68687087087087
443.001 42.607312687312685
444.0 44.789493493493495
445.0 27.590656
446.0 53.641216
447.0 57.049088000000005
448.0 46.317567999999994
449.0 42.729472
450.0 34.668544000000004
451.001 51.3288951048951
452.0 57.95901501501501
453.0 48.775168
454.0 43.876352
455.0 38.76454400000001
456.0 39.89504
457.001 57.76137462537463
458.0 52.38287887887888
459.0 46.94016
460.001 45.84573826173826
461.0 29.91433033033033
462.001 54.86430369630369
463.0 57.74580980980981
464.0 44.384256
465.001 44.53632767232767
466.0 43.93667267267267
467.001 39.67514085914086
468.001 40.22361600000001
469.0 22.17250850850851
470.0 22.443583999999998
471.0 33.281152
472.001 33.84826373626374
473.0 52.74368768768768
474.001 55.51900899100899
475.0 43.19865465465465
476.0 40.992768
477.001 35.15767432567433
478.001 56.999936
479.0 55.00694294294294
480.0 47.02208
481.0 42.205184
482.001 39.90428771228771
483.0 44.41228428428429
484.0 61.980672
485.001 44.455416583416586
486.001 38.903071999999995
487.001 33.32128
488.001 21.415776
489.0 13.223623623623624
490.0 8.676352
491.0 35.302687999999996
492.0 32.343968000000004
493.0 41.66473599999999
494.0 31.304096000000005
495.001 33.8246073926074
496.001 43.809792
497.0 41.89440640640641
498.0 27.032288
499.0 46.806368
500.001 32.411268731268734
501.001 35.01183999999999
502.0 38.78185385385385
503.0 41.329152
504.001 28.454233766233767
505.001 16.064639999999997
506.006 10.680199004975124
507.0 15.145336016096579
508.0 25.458272
509.0 32.484576000000004
510.0 39.145503999999995
511.0 40.65568
512.0 33.37648
513.0 40.81952
514.0 29.268031999999998
515.0 42.924224
516.0 34.042207999999995
517.0 38.992864000000004
518.0 34.328544
519.0 35.363648000000005
520.0 38.109184000000006
521.0 44.261568000000004
522.001 39.779196803196804
523.001 36.269792
524.001 39.975711999999994
525.0 28.487495495495498
526.0 49.213504
527.0 29.293696
528.0 35.65232
529.001 30.383632367632366
530.001 29.341056000000002
531.0 32.8336016016016
532.0 30.458495999999997
533.0 35.423807999999994
534.0 27.063264
535.0 32.605984
536.0 28.868608000000002
537.001 45.59421378621379
538.0 35.423903903903906
539.0 39.89152
540.0 38.094624
541.001 27.122701298701298
542.001 49.62713599999999
543.0 41.5481081081081
544.0 34.268608
545.001 29.50415984015984
546.0 29.709133133133136
547.001 20.959104895104897
548.001 46.54624
549.0 39.5766006006006
550.001 34.107844155844155
551.0 30.463007007007008
552.0 35.290944
553.0 8.783263999999999
554.0 38.044864000000004
555.0 53.996672
556.0 34.316352
557.0 36.423648
558.0 32.688928
559.0 25.755648
560.001 36.468331668331665
561.0 35.888272272272275
562.0 35.282144
563.0 36.041184
564.001 23.86400799200799
565.0 52.71171971971972
