0.0 0.5476407185628742
0.999 17.362642642642644
2.0 45.476603396603394
2.999 82.0545985985986
3.999 92.666912
4.999 80.100032
5.999 75.58176
7.0 75.2952967032967
7.999 63.426466466466465
9.0 63.046617382617384
10.0 51.977599999999995
10.999 28.044684684684682
11.999 41.107456
13.0 70.38081918081917
14.0 73.74438400000001
14.999 47.05085885885886
15.999 7.995392000000001
16.999 27.148288
17.999 67.485696
18.999 37.287488
19.999 54.809824
20.999 32.260096000000004
21.999 52.559872
23.0 63.09722277722278
23.999 61.74750750750751
24.999 60.309504
25.999 37.257216
26.999 30.408704
27.999 41.017343999999994
28.999 42.169664
29.999 41.481536
30.999 27.210272
31.999 52.035584
32.999 62.58527999999999
33.999 37.887648000000006
34.999 38.985312
35.999 36.732928
36.999 14.221312
37.999 62.488576
38.999 56.33036800000001
39.999 41.775743999999996
40.999 47.0832
42.0 22.849662337662338
43.0 16.990208
43.999 37.96692692692693
45.0 58.186933066933065
45.999 60.009065065065066
47.0 45.05568031968033
47.999 33.63219219219219
48.999 23.337087999999998
49.999 15.345632
51.0 9.250493506493507
51.999 3.630766766766767
52.999 11.991808
53.999 11.129088000000001
54.999 10.048575999999999
56.0 47.959400599400595
56.999 47.4855975975976
58.0 26.891444555444554
58.999 27.968896896896897
60.0 19.32115884115884
60.999 12.932164164164165
61.999 11.155392
62.999 26.841824
64.0 38.05228371628372
64.999 58.80642242242242
66.0 51.68137462537463
66.999 43.48159359359359
67.999 39.567904
68.999 35.618815999999995
69.999 35.358656
70.999 35.129504
72.0 31.662065934065932
73.0 23.492416000000002
73.999 44.4815055055055
74.999 20.691072000000002
75.999 11.85504
76.999 36.309088
77.999 29.065216000000003
78.999 43.766239999999996
79.999 31.054368
80.999 44.162976
81.999 36.392928
82.999 7.75136
83.999 36.552256
84.999 40.435872
85.999 38.684032
86.999 39.912383999999996
87.999 24.082112
89.0 9.493226773226773
90.0 64.749568
91.0 41.255168
91.999 27.073281281281282
92.999 7.56256
94.0 26.251380619380623
94.999 17.256744744744747
95.999 12.804736
97.0 17.84346853146853
97.999 17.395923923923924
98.999 16.749824
99.999 20.296319999999998
100.999 26.18272
102.0 21.460267732267734
102.999 17.412004004004004
103.999 17.728896000000002
105.0 14.538261738261738
105.999 15.24225025025025
106.999 15.79856
107.999 20.090592
108.999 18.192608
109.999 15.927968
110.999 6.966464
112.0 7.466677322677323
113.0 15.729152
113.999 19.607223223223226
114.999 16.33776
115.999 16.0632
116.999 23.125856
117.999 22.560128000000002
118.999 23.342176
120.0 17.529702297702297
120.999 25.032296296296295
121.999 19.86848
122.999 22.517952
123.999 17.652864
124.999 17.72288
125.999 19.163168000000002
126.999 13.781952
128.0 22.7051988011988
129.0 23.395263999999997
129.999 13.304792792792792
130.999 11.53328
131.999 18.888864
133.0 16.617014985014986
134.0 11.206656
135.0 8.398656
136.0 0.0
137.0 8.185888
138.0 3.732928
139.0 29.528064
139.999 17.053149149149153
141.0 19.692115884115886
141.999 21.30934134134134
142.999 21.645824
144.0 27.2124995004995
144.999 8.235467467467467
145.999 25.988319999999998
147.0 14.554629370629371
147.999 16.119255255255258
148.999 29.584736
149.999 24.246367999999997
150.999 26.614912
152.0 26.37285914085914
152.999 27.58793993993994
154.0 39.099588411588414
155.0 36.793983999999995
155.999 32.989917917917914
157.0 35.196131868131864
157.999 22.06456056056056
159.0 22.95774625374625
160.0 13.674112
160.999 14.44904104104104
162.0 12.512895104895106
163.0 12.196703999999999
163.999 14.78886886886887
164.999 14.040768
165.999 11.528096
166.999 12.789824
167.999 19.668864000000003
168.999 17.050655999999996
170.0 15.438033966033966
171.0 18.127904
171.999 17.87618018018018
172.999 9.673248
174.0 12.925826173826174
175.0 20.831552
176.0 33.952064
176.999 28.50898898898899
177.999 20.760416
178.999 12.196703999999999
179.999 11.927104
181.0 7.686905094905095
181.999 41.00827227227227
182.999 44.78144
183.999 12.752736
184.999 31.129599999999996
185.999 62.914559999999994
186.999 44.104096
187.999 46.370368
188.999 22.015072
190.0 49.39751448551448
191.0 64.913408
191.999 44.42404004004004
193.0 46.44977422577423
193.999 28.107915915915918
194.999 36.683776
196.0 64.71761838161838
196.999 42.19416216216216
197.999 31.516896000000003
198.999 37.42969600000001
200.0 37.28546653346653
200.999 60.81268468468468
201.999 61.063168000000005
202.999 48.740256
203.999 28.248192
204.999 22.740992
206.0 33.61911688311688
207.0 56.885248
207.999 39.726478478478484
209.0 23.79498901098901
209.999 24.861437437437438
210.999 20.949759999999998
212.0 23.036483516483514
212.999 23.94432832832833
213.999 21.572416
214.999 20.734016
216.0 20.630313686313688
217.0 19.9504
217.999 23.641849849849848
218.999 20.755295999999998
220.0 22.680295704295705
220.999 24.601337337337338
222.0 20.656879120879122
223.0 24.874080000000003
223.999 21.448488488488486
224.999 23.758335999999996
225.999 18.844832
226.999 23.913312
227.999 31.830016000000004
229.0 34.89607992007993
229.999 34.48651851851852
230.999 46.845568
231.999 44.495743999999995
232.999 25.746176
234.0 28.816495504495506
234.999 7.062614614614614
235.999 53.501216
236.999 37.601088000000004
237.999 43.031712
238.999 39.023616000000004
239.999 22.355776000000002
240.999 22.064064
242.0 2.9027612387612387
243.0 39.361599999999996
243.999 12.3495015015015
245.0 21.895000999001002
245.999 33.77845045045045
246.999 24.635839999999998
247.999 23.61696
249.0 37.20452347652348
250.0 21.266432000000002
251.0 25.985024000000003
251.999 61.829509509509506
252.999 58.327040000000004
253.999 54.065728
254.999 21.495808
255.999 50.823167999999995
257.0 60.05284315684316
257.999 62.928336336336336
258.999 40.26896
259.999 23.298047999999998
261.0 46.47116083916084
262.0 38.286208
262.999 39.157461461461466
263.999 42.070688000000004
264.999 29.732224
266.0 32.05677522477522
266.999 37.044020020020014
268.0 29.33277922077922
268.999 17.530746746746747
270.0 20.921606393606396
270.999 17.40120920920921
271.999 13.566272000000001
272.999 18.904352
273.999 14.310368
275.0 18.44881518481519
275.999 14.762218218218218
277.0 19.40258141858142
277.999 34.65366166166166
278.999 41.34608
279.999 35.6352
280.999 42.562464
282.0 24.045554445554444
282.999 33.69055455455455
283.999 46.716288
284.999 24.296352
286.0 31.562453546453547
286.999 24.237421421421423
287.999 29.203488
288.999 34.465247999999995
289.999 29.626432
290.999 33.395264
291.999 24.113024
292.999 22.775808
293.999 24.015968
295.0 23.377902097902098
295.999 20.528400400400404
296.999 19.274304
297.999 16.434815999999998
298.999 16.042656
299.999 14.535167999999999
300.999 13.641760000000001
301.999 12.557152
302.999 11.588223999999999
303.999 12.175136
304.999 5.187104000000001
305.999 15.464255999999999
306.999 10.589888
307.999 11.668288
309.0 5.839088911088911
310.0 4.669472
310.999 6.2070070070070065
311.999 5.629248
312.999 4.550847999999999
314.0 2.327016983016983
314.999 2.515187187187187
315.999 4.162624
316.999 6.944896
318.0 13.865142857142857
319.0 23.897344
319.999 10.26584984984985
320.999 0.183328
321.999 33.085728
322.999 21.228512
323.999 40.81308800000001
324.999 32.570080000000004
325.999 29.556064
326.999 27.434112
328.0 41.1168991008991
329.0 37.852032
330.0 35.198656
330.999 29.390446446446447
331.999 34.16656
333.0 20.37651948051948
334.0 24.048319999999997
334.999 21.284292292292292
336.0 29.510905094905095
336.999 32.260452452452455
337.999 26.340128
338.999 27.412512
339.999 21.3752
341.001 42.60777644710579
341.999 38.59719438877755
342.999 50.946112
343.999 45.290624
344.999 32.473088
345.999 38.387712
347.0 58.91372627372627
347.999 45.50550550550551
348.999 43.128544000000005
349.999 25.198591999999998
350.999 31.522495999999997
352.0 29.706869130869133
352.999 48.66242242242242
353.999 54.55872
354.999 43.90912
355.999 27.918336
356.999 59.572224
358.0 42.3266973026973
359.0 34.275328
359.999 42.21463063063063
360.999 16.613376
361.999 14.25408
362.999 48.726016
363.999 37.35552
364.999 40.91984
365.999 21.577728
366.999 56.721408000000004
368.0 57.908683316683316
368.999 49.29825825825826
369.999 23.073248
370.999 28.852224
371.999 58.769408000000006
373.0 56.963004995004994
373.999 41.897097097097095
374.999 39.829504
375.999 26.345472
376.999 58.65472
377.999 61.046784
379.0 59.430873126873124
379.999 37.67187987987988
380.999 24.510464
381.999 40.98876799999999
382.999 32.318816
383.999 26.885759999999998
384.999 21.309632
385.999 40.206656
386.999 28.69104
387.999 23.902112
388.999 31.365855999999997
390.0 28.88628171828172
390.999 42.93624824824825
391.999 34.400512
393.0 32.86185814185814
393.999 33.02332732732733
394.999 27.647584
395.999 34.930688
396.999 41.853376
397.999 22.60992
399.0 27.857710289710287
399.999 27.51987187187187
400.999 32.325632
401.999 59.211776
402.999 62.160896
404.0 40.95357442557443
404.999 8.202410410410408
405.999 10.10624
406.999 18.106336
408.0 22.10666133866134
408.999 23.325277277277277
410.0 24.670721278721278
410.999 25.791007007007007
411.999 6.729216000000001
412.999 15.162303999999999
413.999 9.187968000000001
414.999 11.169056
415.999 42.724192
416.999 22.801632
417.999 40.91408
419.0 55.862729270729275
419.999 46.93794594594595
420.999 20.840448000000002
422.0 39.93702297702298
422.999 57.21238038038038
423.999 48.09104
424.999 29.100416
425.999 19.90656
426.999 45.45136
427.999 40.32528
428.999 40.273056
429.999 29.994144
431.0 29.29806193806194
431.999 51.95704504504504
432.999 42.877120000000005
433.999 38.65536
434.999 31.6568
435.999 22.28224
436.999 57.737216000000004
437.999 40.600416
438.999 42.051584000000005
440.001 32.130331337325345
440.999 24.132745490981964
441.999 36.252
442.999 24.028223999999998
443.999 38.798944
444.999 32.017696
445.999 18.365152
446.999 42.25462400000001
448.0 37.3455984015984
448.999 37.3776016016016
449.999 23.810944
450.999 9.63728
451.999 10.994912000000001
452.999 16.159200000000002
453.999 18.742592
455.0 19.154797202797205
456.0 21.869952
456.999 14.313897897897897
458.0 8.176879120879121
458.999 25.346178178178178
460.0 25.520815184815188
461.0 34.671519999999994
461.999 32.99805405405405
462.999 34.20848000000001
463.999 19.772896000000003
465.0 21.238985014985015
466.0 19.514720000000004
466.999 22.009337337337335
467.999 57.769983999999994
468.999 16.925568
469.999 33.22716799999999
471.0 22.85353046953047
471.999 40.740548548548546
472.999 23.195392
474.001 37.788614770459084
474.999 29.532248496993986
476.0 32.07371828171828
477.0 44.69392
477.999 31.93805005005005
478.999 24.517312000000004
479.999 34.147648000000004
481.0 22.559136863136864
481.999 36.0762042042042
482.999 32.53472
484.0 25.899444555444557
485.0 27.39136
485.999 18.923915915915916
486.999 33.193343999999996
487.999 25.055808000000003
489.0 30.999944055944056
490.0 35.770528
490.999 36.105225225225226
492.0 42.06328071928071
492.999 35.78996596596597
494.0 31.287784215784217
495.0 35.697024
495.999 30.77218018018018
497.0 44.51996003996004
497.999 42.80305905905906
499.0 33.61681518481519
499.999 30.936472472472474
501.0 27.244051948051947
501.999 43.116652652652654
502.999 30.630272
504.0 23.152079920079917
505.0 24.220032
505.999 17.35803003003003
506.999 0.0
507.999 0.097056
509.0 54.96874325674325
509.999 36.53817017017016
510.999 28.141792000000002
511.999 35.23424
512.999 31.22736
513.999 25.361888
515.0 19.16205394605395
515.999 18.550422422422425
516.999 16.087456
517.999 29.792896
518.999 45.696768
520.0 37.46208991008991
521.0 36.155359999999995
521.999 46.88874474474474
522.999 46.829184000000005
523.999 40.660512000000004
525.0 45.5188971028971
525.999 31.448184184184186
526.999 28.831744
527.999 29.162944
528.999 37.85619200000001
529.999 36.05632
530.999 29.571424
531.999 50.233344
532.999 59.064319999999995
533.999 64.22528
534.999 56.567584000000004
535.999 37.109728000000004
537.0 25.124315684315683
537.999 60.025465465465466
538.999 62.63603199999999
539.999 61.784064
540.999 47.34976
541.999 29.589503999999998
543.0 41.13186013986014
