0.0 19.4318533604888
0.999 24.766622622622624
1.999 26.697824
2.999 26.647264
3.999 28.286432
4.999 27.380576
5.999 29.127584
7.0 30.55287112887113
8.0 32.804928
8.999 35.137953953953954
10.0 43.22129070929071
10.999 49.53443043043043
11.999 58.819072
12.999 44.645504
13.999 39.632672
14.999 37.066911999999995
16.0 20.852875124875123
16.999 53.12711111111111
17.999 44.462048
18.999 39.91830399999999
19.999 37.289408
20.999 22.790144
21.999 57.360384
22.999 40.182848
23.999 39.897888
24.999 35.291776
25.999 23.002016
26.999 55.812992
28.0 43.70694905094905
28.999 39.8596036036036
29.999 38.991936
30.999 9.540799999999999
31.999 27.131904
32.999 61.374463999999996
33.999 54.319199999999995
34.999 42.573504
35.999 28.409856
36.999 50.561023999999996
37.999 40.923648
38.999 39.961984
39.999 40.309152
40.999 29.74976
42.0 50.674189810189816
43.0 38.929567999999996
44.0 39.652544000000006
45.0 38.8176
45.999 25.424752752752756
47.0 56.280679320679326
47.999 37.30681081081081
49.0 24.519864135864136
49.999 40.65921921921922
51.0 17.97166033966034
52.0 26.198016000000003
52.999 55.1506066066066
53.999 28.249727999999998
54.999 33.282944
55.999 35.53328
56.999 26.114656
57.999 51.433311999999994
58.999 38.471488
59.999 30.296832
60.999 24.455616000000003
61.999 19.980672
62.999 29.213856
63.999 25.159072000000002
64.999 22.26896
66.0 25.3705974025974
66.999 22.36716716716717
67.999 29.037376000000002
69.0 30.342585414585415
69.999 28.01089089089089
70.999 27.689312
71.999 16.184608
73.0 21.45601598401598
74.0 26.79824
75.0 23.40128
75.999 20.434546546546546
76.999 20.317888
78.0 24.61599200799201
79.0 24.202208
80.0 21.090592
81.0 16.089727999999997
81.999 24.644516516516514
82.999 23.789184000000002
83.999 27.316192
84.999 21.880736000000002
85.999 22.167776
86.999 25.06976
87.999 25.505727999999998
88.999 23.962048
89.999 16.995583999999997
90.999 13.663327999999998
91.999 18.652831999999997
92.999 17.807872
93.999 9.716384
94.999 25.325695999999997
96.0 24.074613386613386
96.999 31.879527527527525
97.999 25.343808000000003
98.999 20.486048
100.0 14.308315684315684
100.999 12.955803803803803
102.0 7.336567432567433
102.999 7.092180180180181
104.0 9.044331668331669
104.999 6.590014014014014
105.999 12.088864
106.999 22.657184
108.0 18.282165834165834
108.999 15.26383983983984
109.999 22.63728
110.999 23.502272
111.999 25.789727999999997
113.0 22.223312687312685
113.999 23.858354354354354
114.999 16.305408
115.999 16.419264
116.999 13.064191999999998
118.0 14.252979020979021
119.0 9.425216
119.999 16.574718718718717
120.999 14.316448000000001
121.999 15.701504000000002
122.999 13.674112
123.999 1.693088
124.999 12.000448
126.0 17.228531468531468
126.999 10.53571971971972
127.999 9.144832000000001
129.0 15.637546453546456
130.0 19.811040000000002
130.999 17.761793793793792
131.999 22.3768
132.999 26.437184000000002
133.999 26.368351999999998
135.0 31.92477922077922
135.999 36.1222982982983
136.999 26.461599999999997
137.999 30.151296
138.999 27.887616
139.999 19.31456
140.999 18.893152
142.0 20.186757242757242
142.999 13.225897897897896
143.999 17.524
144.999 17.804384
145.999 15.000544
146.999 15.626016
148.0 15.815096903096904
149.0 19.820992
150.0 13.943711999999998
150.999 15.630862862862863
151.999 4.766528
152.999 32.815712
153.999 15.870495999999997
154.999 30.08096
156.0 22.72508291708292
156.999 24.005605605605602
157.999 23.792768
158.999 17.533535999999998
159.999 14.66624
161.0 9.868275724275724
161.999 9.612972972972974
162.999 5.440319999999999
163.999 16.984799999999996
164.999 0.129408
166.0 1.4235684315684316
166.999 29.352328328328326
167.999 30.311040000000002
169.0 19.29948451548452
169.999 27.42492892892893
170.999 11.404288000000001
172.0 35.379276723276725
172.999 27.96703903903904
173.999 18.288448
174.999 31.191648
175.999 18.229312
176.999 26.37088
177.999 23.138464000000003
178.999 21.934656
179.999 16.176
180.999 17.308736000000003
181.999 6.3619520000000005
183.0 23.512551448551445
183.999 15.134302302302302
185.0 23.280943056943055
185.999 22.43241641641642
186.999 28.867936
187.999 23.864383999999998
188.999 20.803584
189.999 19.840063999999998
190.999 21.06032
191.999 17.224736
192.999 16.587455999999996
193.999 17.436064
195.0 12.184519480519482
195.999 12.996932932932932
197.0 5.817542457542457
197.999 20.110702702702703
198.999 16.003456
199.999 14.558399999999999
200.999 20.54352
202.0 22.145822177822176
202.999 16.349949949949952
203.999 39.666464
205.0 16.229658341658343
205.999 13.903695695695696
206.999 9.845792
208.0 7.638217782217782
208.999 6.3365445445445445
210.0 20.73846153846154
211.0 11.232992000000001
212.0 19.975904
212.999 21.508836836836835
214.0 16.33739060939061
214.999 15.9655015015015
215.999 15.788608
217.0 14.833902097902097
217.999 15.717221221221221
218.999 17.394592
219.999 12.962368
221.0 11.6355004995005
221.999 14.308708708708709
222.999 16.348128
224.0 13.73026973026973
224.999 0.8851731731731731
225.999 19.282624
226.999 21.066336
227.999 24.063872
229.0 20.66304895104895
230.0 20.862272
230.999 28.048336336336334
231.999 20.059552
233.0 10.126833166833167
233.999 10.546514514514515
235.0 9.577398601398603
235.999 9.618162162162161
236.999 18.44064
238.0 24.81157242757243
239.0 22.463136
239.999 15.316916916916915
240.999 8.719071999999999
241.999 11.587200000000001
242.999 14.707104
243.999 7.351776
244.999 23.762335999999998
245.999 15.173088
246.999 8.627200000000002
247.999 0.0
248.999 37.118528
249.999 20.672928
250.999 16.797792
251.999 12.987616000000001
252.999 11.377120000000001
253.999 10.670976
254.999 15.124352
255.999 12.823232
256.999 10.923136
258.0 20.576863136863135
259.0 17.060288
260.0 20.047455999999997
260.999 17.26087687687688
262.0 15.804323676323676
262.999 16.354114114114115
263.999 14.968192
264.999 16.316192
265.999 14.029984
266.999 11.732992
267.999 7.71056
268.999 6.125312
269.999 10.374208000000001
270.999 6.33664
271.999 3.80032
273.0 1.8853146853146852
273.999 12.996932932932932
274.999 3.5587199999999997
275.999 0.517632
276.999 0.0
278.0 0.0
279.0 0.0
279.999 0.0
280.999 0.0
281.999 7.257632
282.999 14.978976
283.999 6.2008
284.999 0.0
285.999 21.233696
286.999 8.84288
288.0 8.0476003996004
288.999 5.073553553553554
289.999 7.0635200000000005
290.999 10.444512000000001
291.999 8.427487999999999
292.999 3.7312640000000004
293.999 15.949536
294.999 9.12368
296.0 9.727808191808192
296.999 7.90178978978979
